  [1m[35m (1.4ms)[0m  [1m[34mSELECT sqlite_version(*)[0m
  [1m[35m (80.0ms)[0m  [1m[35mCREATE TABLE "schema_migrations" ("version" varchar NOT NULL PRIMARY KEY)[0m
  [1m[35m (93.7ms)[0m  [1m[35mCREATE TABLE "ar_internal_metadata" ("key" varchar NOT NULL PRIMARY KEY, "value" varchar, "created_at" datetime(6) NOT NULL, "updated_at" datetime(6) NOT NULL)[0m
  [1m[35m (0.4ms)[0m  [1m[34mSELECT "schema_migrations"."version" FROM "schema_migrations" ORDER BY "schema_migrations"."version" ASC[0m
Migrating to CreateUsers (20200806073640)
  [1m[35m (0.2ms)[0m  [1m[36mbegin transaction[0m
  [1m[35m (0.9ms)[0m  [1m[35mCREATE TABLE "users" ("id" integer PRIMARY KEY AUTOINCREMENT NOT NULL, "firstname" varchar, "lastname" varchar, "email" varchar, "password" varchar, "created_at" datetime(6) NOT NULL, "updated_at" datetime(6) NOT NULL)[0m
  [1m[36mprimary::SchemaMigration Create (0.3ms)[0m  [1m[32mINSERT INTO "schema_migrations" ("version") VALUES (?)[0m  [["version", "20200806073640"]]
  [1m[35m (90.2ms)[0m  [1m[36mcommit transaction[0m
Migrating to CreateAlbums (20200806073653)
  [1m[35m (0.2ms)[0m  [1m[36mbegin transaction[0m
  [1m[35m (0.8ms)[0m  [1m[35mCREATE TABLE "albums" ("id" integer PRIMARY KEY AUTOINCREMENT NOT NULL, "user_id" integer, "title" varchar, "description" varchar, "source" varchar, "status" boolean DEFAULT 1, "created_at" datetime(6) NOT NULL, "updated_at" datetime(6) NOT NULL)[0m
  [1m[35m (0.3ms)[0m  [1m[35mCREATE  INDEX "index_albums_on_user_id" ON "albums" ("user_id")[0m
  [1m[36mprimary::SchemaMigration Create (0.4ms)[0m  [1m[32mINSERT INTO "schema_migrations" ("version") VALUES (?)[0m  [["version", "20200806073653"]]
  [1m[35m (89.8ms)[0m  [1m[36mcommit transaction[0m
Migrating to CreatePhotos (20200806073658)
  [1m[35m (0.1ms)[0m  [1m[36mbegin transaction[0m
  [1m[35m (0.7ms)[0m  [1m[35mCREATE TABLE "photos" ("id" integer PRIMARY KEY AUTOINCREMENT NOT NULL, "user_id" integer, "title" varchar, "description" varchar, "source" varchar, "status" boolean DEFAULT 1, "created_at" datetime(6) NOT NULL, "updated_at" datetime(6) NOT NULL)[0m
  [1m[35m (0.4ms)[0m  [1m[35mCREATE  INDEX "index_photos_on_user_id" ON "photos" ("user_id")[0m
  [1m[36mprimary::SchemaMigration Create (0.3ms)[0m  [1m[32mINSERT INTO "schema_migrations" ("version") VALUES (?)[0m  [["version", "20200806073658"]]
  [1m[35m (92.6ms)[0m  [1m[36mcommit transaction[0m
Migrating to CreateReacts (20200806073708)
  [1m[35m (0.1ms)[0m  [1m[36mbegin transaction[0m
  [1m[35m (0.7ms)[0m  [1m[35mCREATE TABLE "reacts" ("id" integer PRIMARY KEY AUTOINCREMENT NOT NULL, "reaction_id" bigint, "reaction_type" varchar, "created_at" datetime(6) NOT NULL, "updated_at" datetime(6) NOT NULL)[0m
  [1m[36mprimary::SchemaMigration Create (0.3ms)[0m  [1m[32mINSERT INTO "schema_migrations" ("version") VALUES (?)[0m  [["version", "20200806073708"]]
  [1m[35m (96.2ms)[0m  [1m[36mcommit transaction[0m
Migrating to CreateFollows (20200806073722)
  [1m[35m (0.2ms)[0m  [1m[36mbegin transaction[0m
  [1m[35m (0.8ms)[0m  [1m[35mCREATE TABLE "follows" ("id" integer PRIMARY KEY AUTOINCREMENT NOT NULL, "follower_id" integer, "followed_user_id" integer, "created_at" datetime(6) NOT NULL, "updated_at" datetime(6) NOT NULL)[0m
  [1m[36mprimary::SchemaMigration Create (0.4ms)[0m  [1m[32mINSERT INTO "schema_migrations" ("version") VALUES (?)[0m  [["version", "20200806073722"]]
  [1m[35m (95.0ms)[0m  [1m[36mcommit transaction[0m
  [1m[36mActiveRecord::InternalMetadata Load (0.4ms)[0m  [1m[34mSELECT "ar_internal_metadata".* FROM "ar_internal_metadata" WHERE "ar_internal_metadata"."key" = ? LIMIT ?[0m  [["key", "environment"], ["LIMIT", 1]]
  [1m[35m (0.2ms)[0m  [1m[36mbegin transaction[0m
  [1m[36mActiveRecord::InternalMetadata Create (0.6ms)[0m  [1m[32mINSERT INTO "ar_internal_metadata" ("key", "value", "created_at", "updated_at") VALUES (?, ?, ?, ?)[0m  [["key", "environment"], ["value", "development"], ["created_at", "2020-08-06 07:40:15.013473"], ["updated_at", "2020-08-06 07:40:15.013473"]]
  [1m[35m (84.4ms)[0m  [1m[36mcommit transaction[0m
  [1m[35m (0.2ms)[0m  [1m[34mSELECT sqlite_version(*)[0m
  [1m[35m (0.3ms)[0m  [1m[34mSELECT "schema_migrations"."version" FROM "schema_migrations" ORDER BY "schema_migrations"."version" ASC[0m
  [1m[35m (0.3ms)[0m  [1m[34mSELECT sqlite_version(*)[0m
  [1m[35m (0.1ms)[0m  [1m[34mSELECT "schema_migrations"."version" FROM "schema_migrations" ORDER BY "schema_migrations"."version" ASC[0m
Migrating to InforAlbumImages (20200806074244)
  [1m[35m (0.1ms)[0m  [1m[36mbegin transaction[0m
  [1m[36mprimary::SchemaMigration Create (0.2ms)[0m  [1m[32mINSERT INTO "schema_migrations" ("version") VALUES (?)[0m  [["version", "20200806074244"]]
  [1m[35m (57.2ms)[0m  [1m[36mcommit transaction[0m
  [1m[36mActiveRecord::InternalMetadata Load (0.4ms)[0m  [1m[34mSELECT "ar_internal_metadata".* FROM "ar_internal_metadata" WHERE "ar_internal_metadata"."key" = ? LIMIT ?[0m  [["key", "environment"], ["LIMIT", 1]]
  [1m[35m (0.1ms)[0m  [1m[34mSELECT sqlite_version(*)[0m
  [1m[35m (0.2ms)[0m  [1m[34mSELECT "schema_migrations"."version" FROM "schema_migrations" ORDER BY "schema_migrations"."version" ASC[0m
  [1m[35m (0.3ms)[0m  [1m[34mSELECT sqlite_version(*)[0m
  [1m[35m (0.1ms)[0m  [1m[34mSELECT "schema_migrations"."version" FROM "schema_migrations" ORDER BY "schema_migrations"."version" ASC[0m
  [1m[36mActiveRecord::InternalMetadata Load (0.1ms)[0m  [1m[34mSELECT "ar_internal_metadata".* FROM "ar_internal_metadata" WHERE "ar_internal_metadata"."key" = ? LIMIT ?[0m  [["key", "environment"], ["LIMIT", 1]]
  [1m[35m (0.0ms)[0m  [1m[34mSELECT sqlite_version(*)[0m
  [1m[35m (0.1ms)[0m  [1m[34mSELECT "schema_migrations"."version" FROM "schema_migrations" ORDER BY "schema_migrations"."version" ASC[0m
  [1m[35m (0.3ms)[0m  [1m[34mSELECT sqlite_version(*)[0m
  [1m[35m (0.1ms)[0m  [1m[36mbegin transaction[0m
  [1m[36mUser Exists? (0.1ms)[0m  [1m[34mSELECT 1 AS one FROM "users" WHERE "users"."email" = ? LIMIT ?[0m  [["email", "@"], ["LIMIT", 1]]
  [1m[35m (0.0ms)[0m  [1m[31mrollback transaction[0m
  [1m[35m (0.1ms)[0m  [1m[36mbegin transaction[0m
  [1m[36mUser Exists? (0.1ms)[0m  [1m[34mSELECT 1 AS one FROM "users" WHERE "users"."email" = ? LIMIT ?[0m  [["email", "@"], ["LIMIT", 1]]
  [1m[36mUser Create (0.2ms)[0m  [1m[32mINSERT INTO "users" ("firstname", "lastname", "email", "password", "created_at", "updated_at") VALUES (?, ?, ?, ?, ?, ?)[0m  [["firstname", "thanh"], ["lastname", "thanh"], ["email", "@"], ["password", "1"], ["created_at", "2020-08-06 07:46:58.200097"], ["updated_at", "2020-08-06 07:46:58.200097"]]
  [1m[35m (81.2ms)[0m  [1m[36mcommit transaction[0m
  [1m[35m (0.1ms)[0m  [1m[36mbegin transaction[0m
  [1m[36mUser Exists? (0.1ms)[0m  [1m[34mSELECT 1 AS one FROM "users" WHERE "users"."email" = ? LIMIT ?[0m  [["email", "@1"], ["LIMIT", 1]]
  [1m[36mUser Create (0.2ms)[0m  [1m[32mINSERT INTO "users" ("firstname", "lastname", "email", "password", "created_at", "updated_at") VALUES (?, ?, ?, ?, ?, ?)[0m  [["firstname", "thanh"], ["lastname", "thanh"], ["email", "@1"], ["password", "1"], ["created_at", "2020-08-06 07:50:28.775062"], ["updated_at", "2020-08-06 07:50:28.775062"]]
  [1m[35m (73.5ms)[0m  [1m[36mcommit transaction[0m
  [1m[36mUser Load (0.6ms)[0m  [1m[34mSELECT "users".* FROM "users" LIMIT ?[0m  [["LIMIT", 11]]
  [1m[35m (0.2ms)[0m  [1m[36mbegin transaction[0m
  [1m[36mUser Exists? (0.4ms)[0m  [1m[34mSELECT 1 AS one FROM "users" WHERE "users"."email" = ? LIMIT ?[0m  [["email", "@13"], ["LIMIT", 1]]
  [1m[36mUser Create (0.7ms)[0m  [1m[32mINSERT INTO "users" ("firstname", "lastname", "email", "password", "created_at", "updated_at") VALUES (?, ?, ?, ?, ?, ?)[0m  [["firstname", "thanh"], ["lastname", "thanh"], ["email", "@13"], ["password", "1"], ["created_at", "2020-08-06 07:54:34.083908"], ["updated_at", "2020-08-06 07:54:34.083908"]]
  [1m[35m (86.3ms)[0m  [1m[36mcommit transaction[0m
  [1m[36mUser Load (0.5ms)[0m  [1m[34mSELECT "users".* FROM "users" LIMIT ?[0m  [["LIMIT", 11]]
  [1m[36mUser Load (0.1ms)[0m  [1m[34mSELECT "users".* FROM "users" LIMIT ?[0m  [["LIMIT", 11]]
  [1m[36mUser Load (0.1ms)[0m  [1m[34mSELECT "users".* FROM "users" LIMIT ?[0m  [["LIMIT", 11]]
  [1m[36mUser Load (0.4ms)[0m  [1m[34mSELECT "users".* FROM "users" LIMIT ?[0m  [["LIMIT", 11]]
  [1m[35m (0.3ms)[0m  [1m[34mSELECT sqlite_version(*)[0m
  [1m[35m (0.1ms)[0m  [1m[36mbegin transaction[0m
  [1m[36mUser Exists? (0.1ms)[0m  [1m[34mSELECT 1 AS one FROM "users" WHERE "users"."email" = ? LIMIT ?[0m  [["email", "@1"], ["LIMIT", 1]]
  [1m[35m (0.1ms)[0m  [1m[31mrollback transaction[0m
  [1m[35m (0.2ms)[0m  [1m[36mbegin transaction[0m
  [1m[36mUser Exists? (0.4ms)[0m  [1m[34mSELECT 1 AS one FROM "users" WHERE "users"."email" = ? LIMIT ?[0m  [["email", "@12"], ["LIMIT", 1]]
  [1m[36mUser Create (0.7ms)[0m  [1m[32mINSERT INTO "users" ("firstname", "lastname", "email", "password", "created_at", "updated_at") VALUES (?, ?, ?, ?, ?, ?)[0m  [["firstname", "thanh"], ["lastname", "thanh"], ["email", "@12"], ["password", "1"], ["created_at", "2020-08-06 08:07:02.174751"], ["updated_at", "2020-08-06 08:07:02.174751"]]
  [1m[35m (78.7ms)[0m  [1m[36mcommit transaction[0m
  [1m[35m (0.1ms)[0m  [1m[36mbegin transaction[0m
  [1m[36mUser Exists? (0.1ms)[0m  [1m[34mSELECT 1 AS one FROM "users" WHERE "users"."email" = ? LIMIT ?[0m  [["email", "@123"], ["LIMIT", 1]]
  [1m[36mUser Create (0.2ms)[0m  [1m[32mINSERT INTO "users" ("firstname", "lastname", "email", "password", "created_at", "updated_at") VALUES (?, ?, ?, ?, ?, ?)[0m  [["firstname", "thanh"], ["lastname", "thanh"], ["email", "@123"], ["password", "1"], ["created_at", "2020-08-06 08:07:15.789032"], ["updated_at", "2020-08-06 08:07:15.789032"]]
  [1m[35m (80.9ms)[0m  [1m[36mcommit transaction[0m
  [1m[35m (0.1ms)[0m  [1m[36mbegin transaction[0m
  [1m[36mPhoto Create (0.3ms)[0m  [1m[32mINSERT INTO "photos" ("user_id", "created_at", "updated_at") VALUES (?, ?, ?)[0m  [["user_id", 5], ["created_at", "2020-08-06 08:07:28.464255"], ["updated_at", "2020-08-06 08:07:28.464255"]]
  [1m[35m (83.8ms)[0m  [1m[36mcommit transaction[0m
  [1m[35m (0.2ms)[0m  [1m[36mbegin transaction[0m
  [1m[36mUser Exists? (0.6ms)[0m  [1m[34mSELECT 1 AS one FROM "users" WHERE "users"."email" = ? LIMIT ?[0m  [["email", "@1234"], ["LIMIT", 1]]
  [1m[36mUser Create (0.8ms)[0m  [1m[32mINSERT INTO "users" ("firstname", "lastname", "email", "password", "created_at", "updated_at") VALUES (?, ?, ?, ?, ?, ?)[0m  [["firstname", "thanh"], ["lastname", "thanh"], ["email", "@1234"], ["password", "1"], ["created_at", "2020-08-06 08:08:25.910297"], ["updated_at", "2020-08-06 08:08:25.910297"]]
  [1m[35m (74.2ms)[0m  [1m[36mcommit transaction[0m
  [1m[36mPhoto Load (0.7ms)[0m  [1m[34mSELECT "photos".* FROM "photos" LIMIT ?[0m  [["LIMIT", 11]]
  [1m[35m (0.1ms)[0m  [1m[36mbegin transaction[0m
  [1m[36mUser Exists? (0.1ms)[0m  [1m[34mSELECT 1 AS one FROM "users" WHERE "users"."email" = ? LIMIT ?[0m  [["email", "@134"], ["LIMIT", 1]]
  [1m[36mUser Create (0.2ms)[0m  [1m[32mINSERT INTO "users" ("firstname", "lastname", "email", "password", "created_at", "updated_at") VALUES (?, ?, ?, ?, ?, ?)[0m  [["firstname", "nh"], ["lastname", "th"], ["email", "@134"], ["password", "1"], ["created_at", "2020-08-06 08:09:17.657957"], ["updated_at", "2020-08-06 08:09:17.657957"]]
  [1m[35m (78.4ms)[0m  [1m[36mcommit transaction[0m
  [1m[35m (0.2ms)[0m  [1m[36mbegin transaction[0m
  [1m[36mPhoto Create (1.0ms)[0m  [1m[32mINSERT INTO "photos" ("user_id", "created_at", "updated_at") VALUES (?, ?, ?)[0m  [["user_id", 7], ["created_at", "2020-08-06 08:09:31.319325"], ["updated_at", "2020-08-06 08:09:31.319325"]]
  [1m[35m (114.6ms)[0m  [1m[36mcommit transaction[0m
  [1m[36mPhoto Load (0.4ms)[0m  [1m[34mSELECT "photos".* FROM "photos" LIMIT ?[0m  [["LIMIT", 11]]
  [1m[36mPhoto Load (0.6ms)[0m  [1m[34mSELECT "photos".* FROM "photos" ORDER BY "photos"."id" DESC LIMIT ?[0m  [["LIMIT", 1]]
  [1m[36mPhoto Load (0.9ms)[0m  [1m[34mSELECT "photos".* FROM "photos" ORDER BY "photos"."created_at" DESC LIMIT ?[0m  [["LIMIT", 11]]
  [1m[36mPhoto Load (0.2ms)[0m  [1m[34mSELECT "photos".* FROM "photos" ORDER BY "photos"."created_at" DESC LIMIT ?[0m  [["LIMIT", 11]]
  [1m[36mPhoto Load (0.1ms)[0m  [1m[34mSELECT "photos".* FROM "photos" ORDER BY "photos"."created_at" DESC LIMIT ?[0m  [["LIMIT", 11]]
  [1m[35m (0.1ms)[0m  [1m[36mbegin transaction[0m
  [1m[36mUser Exists? (0.2ms)[0m  [1m[34mSELECT 1 AS one FROM "users" WHERE "users"."email" = ? LIMIT ?[0m  [["email", "@13474"], ["LIMIT", 1]]
  [1m[36mUser Create (0.2ms)[0m  [1m[32mINSERT INTO "users" ("firstname", "lastname", "email", "password", "created_at", "updated_at") VALUES (?, ?, ?, ?, ?, ?)[0m  [["firstname", "nh"], ["lastname", "th"], ["email", "@13474"], ["password", "1"], ["created_at", "2020-08-06 08:30:31.950767"], ["updated_at", "2020-08-06 08:30:31.950767"]]
  [1m[35m (82.4ms)[0m  [1m[36mcommit transaction[0m
  [1m[35m (0.3ms)[0m  [1m[36mbegin transaction[0m
  [1m[36mPhoto Create (1.1ms)[0m  [1m[32mINSERT INTO "photos" ("user_id", "title", "created_at", "updated_at") VALUES (?, ?, ?, ?)[0m  [["user_id", 8], ["title", "xxx"], ["created_at", "2020-08-06 08:31:03.156235"], ["updated_at", "2020-08-06 08:31:03.156235"]]
  [1m[35m (96.6ms)[0m  [1m[36mcommit transaction[0m
  [1m[36mPhoto Load (0.1ms)[0m  [1m[34mSELECT "photos".* FROM "photos" LIMIT ?[0m  [["LIMIT", 11]]
  [1m[36mPhoto Load (0.6ms)[0m  [1m[34mSELECT "photos".* FROM "photos" WHERE "photos"."title" = ? LIMIT ?[0m  [["title", "xxx"], ["LIMIT", 1]]
  [1m[35m (0.3ms)[0m  [1m[34mSELECT sqlite_version(*)[0m
  [1m[35m (0.1ms)[0m  [1m[34mSELECT "schema_migrations"."version" FROM "schema_migrations" ORDER BY "schema_migrations"."version" ASC[0m
  [1m[36mActiveRecord::InternalMetadata Load (0.1ms)[0m  [1m[34mSELECT "ar_internal_metadata".* FROM "ar_internal_metadata" WHERE "ar_internal_metadata"."key" = ? LIMIT ?[0m  [["key", "environment"], ["LIMIT", 1]]
  [1m[35m (0.1ms)[0m  [1m[34mSELECT sqlite_version(*)[0m
  [1m[35m (0.1ms)[0m  [1m[34mSELECT "schema_migrations"."version" FROM "schema_migrations" ORDER BY "schema_migrations"."version" ASC[0m
  [1m[35m (0.3ms)[0m  [1m[34mSELECT sqlite_version(*)[0m
  [1m[35m (0.1ms)[0m  [1m[34mSELECT "schema_migrations"."version" FROM "schema_migrations" ORDER BY "schema_migrations"."version" ASC[0m
  [1m[35m (0.1ms)[0m  [1m[34mSELECT "schema_migrations"."version" FROM "schema_migrations" ORDER BY "schema_migrations"."version" ASC[0m
  [1m[35m (0.1ms)[0m  [1m[34mSELECT "schema_migrations"."version" FROM "schema_migrations" ORDER BY "schema_migrations"."version" ASC[0m
  [1m[35m (0.0ms)[0m  [1m[34mSELECT "schema_migrations"."version" FROM "schema_migrations" ORDER BY "schema_migrations"."version" ASC[0m
Migrating to InforAlbumImages (20200806074244)
  [1m[35m (0.1ms)[0m  [1m[36mbegin transaction[0m
  [1m[35m (0.8ms)[0m  [1m[35mDROP TABLE "inforalbumimages"[0m
  [1m[35m (0.0ms)[0m  [1m[31mrollback transaction[0m
  [1m[35m (0.3ms)[0m  [1m[34mSELECT sqlite_version(*)[0m
  [1m[35m (0.1ms)[0m  [1m[34mSELECT "schema_migrations"."version" FROM "schema_migrations" ORDER BY "schema_migrations"."version" ASC[0m
  [1m[35m (0.1ms)[0m  [1m[34mSELECT "ar_internal_metadata"."value" FROM "ar_internal_metadata" WHERE "ar_internal_metadata"."key" = ?[0m  [["key", "environment"]]
  [1m[35m (0.1ms)[0m  [1m[34mSELECT "schema_migrations"."version" FROM "schema_migrations" ORDER BY "schema_migrations"."version" ASC[0m
  [1m[35m (0.1ms)[0m  [1m[34mSELECT "ar_internal_metadata"."value" FROM "ar_internal_metadata" WHERE "ar_internal_metadata"."key" = ?[0m  [["key", "environment"]]
  [1m[35m (0.1ms)[0m  [1m[34mSELECT "schema_migrations"."version" FROM "schema_migrations" ORDER BY "schema_migrations"."version" ASC[0m
  [1m[35m (0.1ms)[0m  [1m[34mSELECT "ar_internal_metadata"."value" FROM "ar_internal_metadata" WHERE "ar_internal_metadata"."key" = ?[0m  [["key", "environment"]]
  [1m[35m (0.3ms)[0m  [1m[34mSELECT sqlite_version(*)[0m
  [1m[35m (95.9ms)[0m  [1m[35mCREATE TABLE "schema_migrations" ("version" varchar NOT NULL PRIMARY KEY)[0m
  [1m[35m (91.2ms)[0m  [1m[35mCREATE TABLE "ar_internal_metadata" ("key" varchar NOT NULL PRIMARY KEY, "value" varchar, "created_at" datetime(6) NOT NULL, "updated_at" datetime(6) NOT NULL)[0m
  [1m[35m (0.4ms)[0m  [1m[34mSELECT "schema_migrations"."version" FROM "schema_migrations" ORDER BY "schema_migrations"."version" ASC[0m
Migrating to CreateUsers (20200806073640)
  [1m[35m (0.1ms)[0m  [1m[36mbegin transaction[0m
  [1m[35m (0.4ms)[0m  [1m[35mCREATE TABLE "users" ("id" integer PRIMARY KEY AUTOINCREMENT NOT NULL, "firstname" varchar, "lastname" varchar, "email" varchar, "password" varchar, "created_at" datetime(6) NOT NULL, "updated_at" datetime(6) NOT NULL)[0m
  [1m[36mprimary::SchemaMigration Create (0.1ms)[0m  [1m[32mINSERT INTO "schema_migrations" ("version") VALUES (?)[0m  [["version", "20200806073640"]]
  [1m[35m (98.3ms)[0m  [1m[36mcommit transaction[0m
Migrating to CreateAlbums (20200806073653)
  [1m[35m (0.1ms)[0m  [1m[36mbegin transaction[0m
  [1m[35m (0.7ms)[0m  [1m[35mCREATE TABLE "albums" ("id" integer PRIMARY KEY AUTOINCREMENT NOT NULL, "user_id" integer, "title" varchar, "description" varchar, "source" varchar, "status" boolean DEFAULT 1, "created_at" datetime(6) NOT NULL, "updated_at" datetime(6) NOT NULL)[0m
  [1m[35m (0.3ms)[0m  [1m[35mCREATE  INDEX "index_albums_on_user_id" ON "albums" ("user_id")[0m
  [1m[36mprimary::SchemaMigration Create (0.4ms)[0m  [1m[32mINSERT INTO "schema_migrations" ("version") VALUES (?)[0m  [["version", "20200806073653"]]
  [1m[35m (82.8ms)[0m  [1m[36mcommit transaction[0m
Migrating to CreatePhotos (20200806073658)
  [1m[35m (0.1ms)[0m  [1m[36mbegin transaction[0m
  [1m[35m (0.8ms)[0m  [1m[35mCREATE TABLE "photos" ("id" integer PRIMARY KEY AUTOINCREMENT NOT NULL, "user_id" integer, "title" varchar, "description" varchar, "source" varchar, "status" boolean DEFAULT 1, "created_at" datetime(6) NOT NULL, "updated_at" datetime(6) NOT NULL)[0m
  [1m[35m (0.3ms)[0m  [1m[35mCREATE  INDEX "index_photos_on_user_id" ON "photos" ("user_id")[0m
  [1m[36mprimary::SchemaMigration Create (0.4ms)[0m  [1m[32mINSERT INTO "schema_migrations" ("version") VALUES (?)[0m  [["version", "20200806073658"]]
  [1m[35m (83.4ms)[0m  [1m[36mcommit transaction[0m
Migrating to CreateReacts (20200806073708)
  [1m[35m (0.1ms)[0m  [1m[36mbegin transaction[0m
  [1m[35m (0.7ms)[0m  [1m[35mCREATE TABLE "reacts" ("id" integer PRIMARY KEY AUTOINCREMENT NOT NULL, "reaction_id" bigint, "reaction_type" varchar, "created_at" datetime(6) NOT NULL, "updated_at" datetime(6) NOT NULL)[0m
  [1m[36mprimary::SchemaMigration Create (0.4ms)[0m  [1m[32mINSERT INTO "schema_migrations" ("version") VALUES (?)[0m  [["version", "20200806073708"]]
  [1m[35m (87.6ms)[0m  [1m[36mcommit transaction[0m
Migrating to CreateFollows (20200806073722)
  [1m[35m (0.2ms)[0m  [1m[36mbegin transaction[0m
  [1m[35m (0.6ms)[0m  [1m[35mCREATE TABLE "follows" ("id" integer PRIMARY KEY AUTOINCREMENT NOT NULL, "follower_id" integer, "followed_user_id" integer, "created_at" datetime(6) NOT NULL, "updated_at" datetime(6) NOT NULL)[0m
  [1m[36mprimary::SchemaMigration Create (0.4ms)[0m  [1m[32mINSERT INTO "schema_migrations" ("version") VALUES (?)[0m  [["version", "20200806073722"]]
  [1m[35m (97.2ms)[0m  [1m[36mcommit transaction[0m
  [1m[36mActiveRecord::InternalMetadata Load (0.4ms)[0m  [1m[34mSELECT "ar_internal_metadata".* FROM "ar_internal_metadata" WHERE "ar_internal_metadata"."key" = ? LIMIT ?[0m  [["key", "environment"], ["LIMIT", 1]]
  [1m[35m (0.1ms)[0m  [1m[36mbegin transaction[0m
  [1m[36mActiveRecord::InternalMetadata Create (0.5ms)[0m  [1m[32mINSERT INTO "ar_internal_metadata" ("key", "value", "created_at", "updated_at") VALUES (?, ?, ?, ?)[0m  [["key", "environment"], ["value", "development"], ["created_at", "2020-08-06 10:08:57.465415"], ["updated_at", "2020-08-06 10:08:57.465415"]]
  [1m[35m (72.2ms)[0m  [1m[36mcommit transaction[0m
  [1m[35m (0.2ms)[0m  [1m[34mSELECT sqlite_version(*)[0m
  [1m[35m (0.3ms)[0m  [1m[34mSELECT "schema_migrations"."version" FROM "schema_migrations" ORDER BY "schema_migrations"."version" ASC[0m
  [1m[35m (1.7ms)[0m  [1m[34mSELECT sqlite_version(*)[0m
  [1m[35m (0.2ms)[0m  [1m[36mbegin transaction[0m
  [1m[36mUser Exists? (15.1ms)[0m  [1m[34mSELECT 1 AS one FROM "users" WHERE "users"."email" = ? LIMIT ?[0m  [["email", "@"], ["LIMIT", 1]]
  [1m[36mUser Create (1.2ms)[0m  [1m[32mINSERT INTO "users" ("firstname", "lastname", "email", "password", "created_at", "updated_at") VALUES (?, ?, ?, ?, ?, ?)[0m  [["firstname", "a"], ["lastname", "2"], ["email", "@"], ["password", "3"], ["created_at", "2020-08-06 14:07:49.976270"], ["updated_at", "2020-08-06 14:07:49.976270"]]
  [1m[35m (83.0ms)[0m  [1m[36mcommit transaction[0m
  [1m[35m (0.2ms)[0m  [1m[36mbegin transaction[0m
  [1m[36mUser Exists? (0.4ms)[0m  [1m[34mSELECT 1 AS one FROM "users" WHERE "users"."email" = ? LIMIT ?[0m  [["email", "@2"], ["LIMIT", 1]]
  [1m[36mUser Create (0.7ms)[0m  [1m[32mINSERT INTO "users" ("firstname", "lastname", "email", "password", "created_at", "updated_at") VALUES (?, ?, ?, ?, ?, ?)[0m  [["firstname", "a"], ["lastname", "2"], ["email", "@2"], ["password", "3"], ["created_at", "2020-08-06 14:07:57.037451"], ["updated_at", "2020-08-06 14:07:57.037451"]]
  [1m[35m (123.8ms)[0m  [1m[36mcommit transaction[0m
  [1m[35m (0.1ms)[0m  [1m[36mbegin transaction[0m
  [1m[36mPhoto Create (0.5ms)[0m  [1m[32mINSERT INTO "photos" ("user_id", "created_at", "updated_at") VALUES (?, ?, ?)[0m  [["user_id", 2], ["created_at", "2020-08-06 14:08:12.062942"], ["updated_at", "2020-08-06 14:08:12.062942"]]
  [1m[35m (100.6ms)[0m  [1m[36mcommit transaction[0m
  [1m[35m (0.2ms)[0m  [1m[36mbegin transaction[0m
  [1m[36mPhoto Create (0.9ms)[0m  [1m[32mINSERT INTO "photos" ("user_id", "created_at", "updated_at") VALUES (?, ?, ?)[0m  [["user_id", 2], ["created_at", "2020-08-06 14:08:23.861470"], ["updated_at", "2020-08-06 14:08:23.861470"]]
  [1m[35m (100.9ms)[0m  [1m[36mcommit transaction[0m
  [1m[36mPhoto Load (0.5ms)[0m  [1m[34mSELECT "photos".* FROM "photos" WHERE "photos"."Photo_id" IN (?, ?) LIMIT ?[0m  [["Photo_id", 1], ["Photo_id", 2], ["LIMIT", 11]]
  [1m[35m (0.1ms)[0m  [1m[36mbegin transaction[0m
  [1m[36mPhoto Create (0.2ms)[0m  [1m[32mINSERT INTO "photos" ("user_id", "created_at", "updated_at") VALUES (?, ?, ?)[0m  [["user_id", 2], ["created_at", "2020-08-06 14:10:17.134571"], ["updated_at", "2020-08-06 14:10:17.134571"]]
  [1m[35m (93.8ms)[0m  [1m[36mcommit transaction[0m
  [1m[35m (0.1ms)[0m  [1m[36mbegin transaction[0m
  [1m[36mUser Exists? (0.1ms)[0m  [1m[34mSELECT 1 AS one FROM "users" WHERE "users"."email" = ? LIMIT ?[0m  [["email", "@23"], ["LIMIT", 1]]
  [1m[36mUser Create (0.2ms)[0m  [1m[32mINSERT INTO "users" ("firstname", "lastname", "email", "password", "created_at", "updated_at") VALUES (?, ?, ?, ?, ?, ?)[0m  [["firstname", "a"], ["lastname", "2"], ["email", "@23"], ["password", "3"], ["created_at", "2020-08-06 14:10:29.662711"], ["updated_at", "2020-08-06 14:10:29.662711"]]
  [1m[35m (66.7ms)[0m  [1m[36mcommit transaction[0m
  [1m[35m (0.1ms)[0m  [1m[36mbegin transaction[0m
  [1m[36mPhoto Create (0.2ms)[0m  [1m[32mINSERT INTO "photos" ("user_id", "created_at", "updated_at") VALUES (?, ?, ?)[0m  [["user_id", 3], ["created_at", "2020-08-06 14:10:33.264031"], ["updated_at", "2020-08-06 14:10:33.264031"]]
  [1m[35m (98.6ms)[0m  [1m[36mcommit transaction[0m
  [1m[36mPhoto Load (1.3ms)[0m  [1m[34mSELECT "photos".* FROM "photos" WHERE "photos"."Photo_id" IN (?, ?) LIMIT ?[0m  [["Photo_id", 1], ["Photo_id", 3], ["LIMIT", 11]]
  [1m[36mUser Load (0.6ms)[0m  [1m[34mSELECT "users".* FROM "users" WHERE "users"."email" = ? LIMIT ?[0m  [["email", "@23"], ["LIMIT", 1]]
  [1m[36mUser Load (0.4ms)[0m  [1m[34mSELECT "users".* FROM "users" WHERE "users"."email" = ? LIMIT ?[0m  [["email", "@23"], ["LIMIT", 1]]
  [1m[36mUser Load (0.4ms)[0m  [1m[34mSELECT "users".* FROM "users" WHERE "users"."email" = ? LIMIT ?[0m  [["email", "23"], ["LIMIT", 1]]
  [1m[36mUser Load (0.1ms)[0m  [1m[34mSELECT "users".* FROM "users" WHERE "users"."email" = ? LIMIT ?[0m  [["email", "2344"], ["LIMIT", 1]]
  [1m[36mUser Load (0.4ms)[0m  [1m[34mSELECT "users".* FROM "users" WHERE "users"."email" = ? LIMIT ?[0m  [["email", "23744"], ["LIMIT", 1]]
  [1m[36mUser Load (0.3ms)[0m  [1m[34mSELECT "users".* FROM "users" WHERE "users"."email" = ? LIMIT ?[0m  [["email", "23744"], ["LIMIT", 1]]
  [1m[36mUser Load (1.3ms)[0m  [1m[34mSELECT "users".* FROM "users" WHERE (user_id=1) LIMIT ?[0m  [["LIMIT", 11]]
  [1m[36mUser Load (0.8ms)[0m  [1m[34mSELECT "users".* FROM "users" LIMIT ?[0m  [["LIMIT", 11]]
  [1m[36mUser Load (1.4ms)[0m  [1m[34mSELECT "users".* FROM "users" WHERE (User id=1) LIMIT ?[0m  [["LIMIT", 11]]
  [1m[36mUser Load (1.2ms)[0m  [1m[34mSELECT "users".* FROM "users" WHERE (User id=1) LIMIT ?[0m  [["LIMIT", 11]]
  [1m[36mUser Load (0.1ms)[0m  [1m[34mSELECT "users".* FROM "users" LIMIT ?[0m  [["LIMIT", 11]]
  [1m[36mUser Load (0.1ms)[0m  [1m[34mSELECT "users".* FROM "users" LIMIT ?[0m  [["LIMIT", 11]]
  [1m[36mUser Load (0.1ms)[0m  [1m[34mSELECT "users".* FROM "users" LIMIT ?[0m  [["LIMIT", 11]]
  [1m[36mUser Load (0.4ms)[0m  [1m[34mSELECT "users".* FROM "users" LIMIT ?[0m  [["LIMIT", 11]]
  [1m[36mUser Load (0.4ms)[0m  [1m[34mSELECT "users".* FROM "users" LIMIT ?[0m  [["LIMIT", 11]]
  [1m[36mUser Load (0.4ms)[0m  [1m[34mSELECT "users".* FROM "users" LIMIT ?[0m  [["LIMIT", 11]]
  [1m[36mUser Load (0.1ms)[0m  [1m[34mSELECT "users".* FROM "users" LIMIT ?[0m  [["LIMIT", 11]]
  [1m[36mUser Load (0.2ms)[0m  [1m[34mSELECT "users".* FROM "users" LIMIT ?[0m  [["LIMIT", 11]]
  [1m[36mUser Load (0.4ms)[0m  [1m[34mSELECT "users".* FROM "users" LIMIT ?[0m  [["LIMIT", 11]]
  [1m[36mUser Load (0.5ms)[0m  [1m[34mSELECT "users".* FROM "users" ORDER BY "users"."id" DESC LIMIT ?[0m  [["LIMIT", 3]]
  [1m[36mUser Load (0.5ms)[0m  [1m[34mSELECT "users".* FROM "users" ORDER BY "users"."firstname" ASC LIMIT ?[0m  [["LIMIT", 11]]
  [1m[36mUser Load (0.4ms)[0m  [1m[34mSELECT "users".* FROM "users" ORDER BY "users"."id" DESC LIMIT ?[0m  [["LIMIT", 3]]
  [1m[36mUser Load (0.2ms)[0m  [1m[34mSELECT "users".* FROM "users" ORDER BY "users"."id" ASC LIMIT ?[0m  [["LIMIT", 3]]
  [1m[36mUser Load (0.4ms)[0m  [1m[34mSELECT "users".* FROM "users" ORDER BY "users"."id" ASC LIMIT ?[0m  [["LIMIT", 1]]
  [1m[36mUser Load (0.1ms)[0m  [1m[34mSELECT "users".* FROM "users" ORDER BY "users"."id" ASC LIMIT ?[0m  [["LIMIT", 3]]
  [1m[36mUser Load (0.1ms)[0m  [1m[34mSELECT "users".* FROM "users" ORDER BY "users"."id" DESC LIMIT ?[0m  [["LIMIT", 1]]
  [1m[35m (1.8ms)[0m  [1m[34mSELECT sqlite_version(*)[0m
  [1m[35m (0.2ms)[0m  [1m[36mbegin transaction[0m
  [1m[36mUser Exists? (14.7ms)[0m  [1m[34mSELECT 1 AS one FROM "users" WHERE "users"."email" = ? LIMIT ?[0m  [["email", "@123"], ["LIMIT", 1]]
  [1m[36mUser Create (1.3ms)[0m  [1m[32mINSERT INTO "users" ("firstname", "lastname", "email", "password", "created_at", "updated_at") VALUES (?, ?, ?, ?, ?, ?)[0m  [["firstname", "qưe"], ["lastname", "rty"], ["email", "@123"], ["password", "563"], ["created_at", "2020-08-07 01:58:44.072335"], ["updated_at", "2020-08-07 01:58:44.072335"]]
  [1m[35m (104.6ms)[0m  [1m[36mcommit transaction[0m
  [1m[35m (0.1ms)[0m  [1m[36mbegin transaction[0m
  [1m[36mPhoto Create (0.5ms)[0m  [1m[32mINSERT INTO "photos" ("user_id", "created_at", "updated_at") VALUES (?, ?, ?)[0m  [["user_id", 4], ["created_at", "2020-08-07 01:59:32.441107"], ["updated_at", "2020-08-07 01:59:32.441107"]]
  [1m[35m (89.8ms)[0m  [1m[36mcommit transaction[0m
  [1m[35m (0.1ms)[0m  [1m[36mbegin transaction[0m
  [1m[36mReact Create (0.5ms)[0m  [1m[32mINSERT INTO "reacts" ("reaction_id", "reaction_type", "created_at", "updated_at") VALUES (?, ?, ?, ?)[0m  [["reaction_id", 5], ["reaction_type", "Photo"], ["created_at", "2020-08-07 02:00:24.727384"], ["updated_at", "2020-08-07 02:00:24.727384"]]
  [1m[35m (109.2ms)[0m  [1m[36mcommit transaction[0m
  [1m[35m (0.1ms)[0m  [1m[36mbegin transaction[0m
  [1m[36mReact Load (0.2ms)[0m  [1m[34mSELECT "reacts".* FROM "reacts" WHERE "reacts"."reaction_id" = ? AND "reacts"."reaction_type" = ?[0m  [["reaction_id", 5], ["reaction_type", "Photo"]]
  [1m[36mReact Destroy (0.2ms)[0m  [1m[31mDELETE FROM "reacts" WHERE "reacts"."id" = ?[0m  [["id", 1]]
  [1m[36mPhoto Destroy (0.1ms)[0m  [1m[31mDELETE FROM "photos" WHERE "photos"."id" = ?[0m  [["id", 5]]
  [1m[35m (111.2ms)[0m  [1m[36mcommit transaction[0m
  [1m[35m (0.1ms)[0m  [1m[36mbegin transaction[0m
  [1m[36mPhoto Create (0.3ms)[0m  [1m[32mINSERT INTO "photos" ("user_id", "created_at", "updated_at") VALUES (?, ?, ?)[0m  [["user_id", 4], ["created_at", "2020-08-07 02:01:10.471516"], ["updated_at", "2020-08-07 02:01:10.471516"]]
  [1m[35m (92.4ms)[0m  [1m[36mcommit transaction[0m
  [1m[35m (0.1ms)[0m  [1m[34mSELECT sqlite_version(*)[0m
  [1m[35m (0.0ms)[0m  [1m[36mbegin transaction[0m
  [1m[36mUser Exists? (0.2ms)[0m  [1m[34mSELECT 1 AS one FROM "users" WHERE "users"."email" = ? LIMIT ?[0m  [["email", "@12"], ["LIMIT", 1]]
  [1m[36mUser Create (0.2ms)[0m  [1m[32mINSERT INTO "users" ("firstname", "lastname", "email", "password", "created_at", "updated_at") VALUES (?, ?, ?, ?, ?, ?)[0m  [["firstname", "qưe"], ["lastname", "rty"], ["email", "@12"], ["password", "563"], ["created_at", "2020-08-07 02:02:19.448695"], ["updated_at", "2020-08-07 02:02:19.448695"]]
  [1m[35m (91.6ms)[0m  [1m[36mcommit transaction[0m
  [1m[35m (0.0ms)[0m  [1m[36mbegin transaction[0m
  [1m[36mAlbum Create (0.3ms)[0m  [1m[32mINSERT INTO "albums" ("user_id", "created_at", "updated_at") VALUES (?, ?, ?)[0m  [["user_id", 5], ["created_at", "2020-08-07 02:02:31.580975"], ["updated_at", "2020-08-07 02:02:31.580975"]]
  [1m[35m (89.9ms)[0m  [1m[36mcommit transaction[0m
  [1m[35m (0.1ms)[0m  [1m[34mSELECT sqlite_version(*)[0m
  [1m[35m (0.0ms)[0m  [1m[36mbegin transaction[0m
  [1m[36mUser Exists? (0.1ms)[0m  [1m[34mSELECT 1 AS one FROM "users" WHERE "users"."email" = ? LIMIT ?[0m  [["email", "@1"], ["LIMIT", 1]]
  [1m[36mUser Create (0.2ms)[0m  [1m[32mINSERT INTO "users" ("firstname", "lastname", "email", "password", "created_at", "updated_at") VALUES (?, ?, ?, ?, ?, ?)[0m  [["firstname", "qưe"], ["lastname", "rty"], ["email", "@1"], ["password", "563"], ["created_at", "2020-08-07 02:03:58.624281"], ["updated_at", "2020-08-07 02:03:58.624281"]]
  [1m[35m (177.3ms)[0m  [1m[36mcommit transaction[0m
  [1m[35m (0.1ms)[0m  [1m[36mbegin transaction[0m
  [1m[36mAlbum Create (0.3ms)[0m  [1m[32mINSERT INTO "albums" ("user_id", "created_at", "updated_at") VALUES (?, ?, ?)[0m  [["user_id", 6], ["created_at", "2020-08-07 02:04:03.559947"], ["updated_at", "2020-08-07 02:04:03.559947"]]
  [1m[35m (119.0ms)[0m  [1m[36mcommit transaction[0m
  [1m[35m (0.1ms)[0m  [1m[34mSELECT sqlite_version(*)[0m
  [1m[35m (0.1ms)[0m  [1m[36mbegin transaction[0m
  [1m[36mUser Exists? (0.1ms)[0m  [1m[34mSELECT 1 AS one FROM "users" WHERE "users"."email" = ? LIMIT ?[0m  [["email", "@4"], ["LIMIT", 1]]
  [1m[36mUser Create (0.3ms)[0m  [1m[32mINSERT INTO "users" ("firstname", "lastname", "email", "password", "created_at", "updated_at") VALUES (?, ?, ?, ?, ?, ?)[0m  [["firstname", "qưe"], ["lastname", "rty"], ["email", "@4"], ["password", "563"], ["created_at", "2020-08-07 02:06:27.961698"], ["updated_at", "2020-08-07 02:06:27.961698"]]
  [1m[35m (77.0ms)[0m  [1m[36mcommit transaction[0m
  [1m[35m (0.1ms)[0m  [1m[36mbegin transaction[0m
  [1m[36mAlbum Create (0.2ms)[0m  [1m[32mINSERT INTO "albums" ("user_id", "created_at", "updated_at") VALUES (?, ?, ?)[0m  [["user_id", 7], ["created_at", "2020-08-07 02:06:32.084565"], ["updated_at", "2020-08-07 02:06:32.084565"]]
  [1m[35m (76.5ms)[0m  [1m[36mcommit transaction[0m
  [1m[35m (0.1ms)[0m  [1m[36mbegin transaction[0m
  [1m[36mPhoto Create (0.4ms)[0m  [1m[32mINSERT INTO "photos" ("user_id", "created_at", "updated_at") VALUES (?, ?, ?)[0m  [["user_id", 7], ["created_at", "2020-08-07 02:07:15.771586"], ["updated_at", "2020-08-07 02:07:15.771586"]]
  [1m[35m (111.0ms)[0m  [1m[36mcommit transaction[0m
  [1m[35m (0.1ms)[0m  [1m[34mSELECT sqlite_version(*)[0m
  [1m[35m (0.1ms)[0m  [1m[36mbegin transaction[0m
  [1m[36mUser Exists? (0.2ms)[0m  [1m[34mSELECT 1 AS one FROM "users" WHERE "users"."email" = ? LIMIT ?[0m  [["email", "@i"], ["LIMIT", 1]]
  [1m[36mUser Create (0.2ms)[0m  [1m[32mINSERT INTO "users" ("firstname", "lastname", "email", "password", "created_at", "updated_at") VALUES (?, ?, ?, ?, ?, ?)[0m  [["firstname", "qưe"], ["lastname", "rty"], ["email", "@i"], ["password", "563"], ["created_at", "2020-08-07 02:09:48.177343"], ["updated_at", "2020-08-07 02:09:48.177343"]]
  [1m[35m (80.5ms)[0m  [1m[36mcommit transaction[0m
  [1m[35m (0.0ms)[0m  [1m[36mbegin transaction[0m
  [1m[36mAlbum Create (0.2ms)[0m  [1m[32mINSERT INTO "albums" ("user_id", "created_at", "updated_at") VALUES (?, ?, ?)[0m  [["user_id", 8], ["created_at", "2020-08-07 02:10:01.121608"], ["updated_at", "2020-08-07 02:10:01.121608"]]
  [1m[35m (78.7ms)[0m  [1m[36mcommit transaction[0m
  [1m[35m (0.3ms)[0m  [1m[34mSELECT sqlite_version(*)[0m
  [1m[35m (0.1ms)[0m  [1m[34mSELECT "schema_migrations"."version" FROM "schema_migrations" ORDER BY "schema_migrations"."version" ASC[0m
Migrating to CreateAis (20200807021424)
  [1m[35m (0.1ms)[0m  [1m[36mbegin transaction[0m
  [1m[35m (0.3ms)[0m  [1m[35mCREATE TABLE "ais" ("id" integer PRIMARY KEY AUTOINCREMENT NOT NULL, "album_id" integer, "photo_id" integer, "created_at" datetime(6) NOT NULL, "updated_at" datetime(6) NOT NULL)[0m
  [1m[35m (0.1ms)[0m  [1m[35mCREATE  INDEX "index_ais_on_album_id" ON "ais" ("album_id")[0m
  [1m[35m (0.1ms)[0m  [1m[35mCREATE  INDEX "index_ais_on_photo_id" ON "ais" ("photo_id")[0m
  [1m[36mprimary::SchemaMigration Create (0.2ms)[0m  [1m[32mINSERT INTO "schema_migrations" ("version") VALUES (?)[0m  [["version", "20200807021424"]]
  [1m[35m (112.5ms)[0m  [1m[36mcommit transaction[0m
  [1m[36mActiveRecord::InternalMetadata Load (0.4ms)[0m  [1m[34mSELECT "ar_internal_metadata".* FROM "ar_internal_metadata" WHERE "ar_internal_metadata"."key" = ? LIMIT ?[0m  [["key", "environment"], ["LIMIT", 1]]
  [1m[35m (0.2ms)[0m  [1m[34mSELECT sqlite_version(*)[0m
  [1m[35m (0.2ms)[0m  [1m[34mSELECT "schema_migrations"."version" FROM "schema_migrations" ORDER BY "schema_migrations"."version" ASC[0m
  [1m[35m (0.3ms)[0m  [1m[34mSELECT sqlite_version(*)[0m
  [1m[35m (0.1ms)[0m  [1m[36mbegin transaction[0m
  [1m[36mUser Exists? (0.2ms)[0m  [1m[34mSELECT 1 AS one FROM "users" WHERE "users"."email" = ? LIMIT ?[0m  [["email", "@"], ["LIMIT", 1]]
  [1m[35m (0.1ms)[0m  [1m[31mrollback transaction[0m
  [1m[35m (0.1ms)[0m  [1m[36mbegin transaction[0m
  [1m[36mUser Exists? (0.1ms)[0m  [1m[34mSELECT 1 AS one FROM "users" WHERE "users"."email" = ? LIMIT ?[0m  [["email", "@z"], ["LIMIT", 1]]
  [1m[36mUser Create (0.3ms)[0m  [1m[32mINSERT INTO "users" ("firstname", "lastname", "email", "password", "created_at", "updated_at") VALUES (?, ?, ?, ?, ?, ?)[0m  [["firstname", "thanh"], ["lastname", "vo"], ["email", "@z"], ["password", "2"], ["created_at", "2020-08-07 02:19:17.484348"], ["updated_at", "2020-08-07 02:19:17.484348"]]
  [1m[35m (83.0ms)[0m  [1m[36mcommit transaction[0m
  [1m[35m (0.1ms)[0m  [1m[36mbegin transaction[0m
  [1m[36mAlbum Create (0.3ms)[0m  [1m[32mINSERT INTO "albums" ("user_id", "created_at", "updated_at") VALUES (?, ?, ?)[0m  [["user_id", 9], ["created_at", "2020-08-07 02:21:03.198834"], ["updated_at", "2020-08-07 02:21:03.198834"]]
  [1m[35m (89.9ms)[0m  [1m[36mcommit transaction[0m
  [1m[35m (0.0ms)[0m  [1m[36mbegin transaction[0m
  [1m[36mPhoto Load (0.1ms)[0m  [1m[34mSELECT "photos".* FROM "photos" WHERE "photos"."id" = ? LIMIT ?[0m  [["id", 2], ["LIMIT", 1]]
  [1m[36mAi Create (0.4ms)[0m  [1m[32mINSERT INTO "ais" ("album_id", "photo_id", "created_at", "updated_at") VALUES (?, ?, ?, ?)[0m  [["album_id", 5], ["photo_id", 2], ["created_at", "2020-08-07 02:21:36.345752"], ["updated_at", "2020-08-07 02:21:36.345752"]]
  [1m[35m (87.2ms)[0m  [1m[36mcommit transaction[0m
  [1m[35m (0.1ms)[0m  [1m[36mbegin transaction[0m
  [1m[36mPhoto Create (0.4ms)[0m  [1m[32mINSERT INTO "photos" ("user_id", "created_at", "updated_at") VALUES (?, ?, ?)[0m  [["user_id", 9], ["created_at", "2020-08-07 02:23:34.455266"], ["updated_at", "2020-08-07 02:23:34.455266"]]
  [1m[35m (99.4ms)[0m  [1m[36mcommit transaction[0m
  [1m[35m (0.1ms)[0m  [1m[34mSELECT sqlite_version(*)[0m
  [1m[35m (0.1ms)[0m  [1m[36mbegin transaction[0m
  [1m[36mUser Exists? (0.2ms)[0m  [1m[34mSELECT 1 AS one FROM "users" WHERE "users"."email" = ? LIMIT ?[0m  [["email", "@thanh"], ["LIMIT", 1]]
  [1m[36mUser Create (0.5ms)[0m  [1m[32mINSERT INTO "users" ("firstname", "lastname", "email", "password", "created_at", "updated_at") VALUES (?, ?, ?, ?, ?, ?)[0m  [["firstname", "thanh"], ["lastname", "vo"], ["email", "@thanh"], ["password", "234"], ["created_at", "2020-08-07 02:26:44.558643"], ["updated_at", "2020-08-07 02:26:44.558643"]]
  [1m[35m (0.1ms)[0m  [1m[31mrollback transaction[0m
  [1m[35m (0.1ms)[0m  [1m[34mSELECT sqlite_version(*)[0m
  [1m[35m (0.0ms)[0m  [1m[36mbegin transaction[0m
  [1m[36mUser Exists? (0.1ms)[0m  [1m[34mSELECT 1 AS one FROM "users" WHERE "users"."email" = ? LIMIT ?[0m  [["email", "@thanh"], ["LIMIT", 1]]
  [1m[36mUser Create (0.6ms)[0m  [1m[32mINSERT INTO "users" ("firstname", "lastname", "email", "password", "created_at", "updated_at") VALUES (?, ?, ?, ?, ?, ?)[0m  [["firstname", "thanh"], ["lastname", "vo"], ["email", "@thanh"], ["password", "234"], ["created_at", "2020-08-07 02:27:39.350843"], ["updated_at", "2020-08-07 02:27:39.350843"]]
  [1m[35m (87.6ms)[0m  [1m[36mcommit transaction[0m
  [1m[35m (0.0ms)[0m  [1m[36mbegin transaction[0m
  [1m[36mAlbum Create (0.4ms)[0m  [1m[32mINSERT INTO "albums" ("user_id", "created_at", "updated_at") VALUES (?, ?, ?)[0m  [["user_id", 10], ["created_at", "2020-08-07 02:27:54.925104"], ["updated_at", "2020-08-07 02:27:54.925104"]]
  [1m[35m (77.0ms)[0m  [1m[36mcommit transaction[0m
  [1m[35m (0.0ms)[0m  [1m[36mbegin transaction[0m
  [1m[36mPhoto Create (0.3ms)[0m  [1m[32mINSERT INTO "photos" ("user_id", "created_at", "updated_at") VALUES (?, ?, ?)[0m  [["user_id", 10], ["created_at", "2020-08-07 02:29:10.472395"], ["updated_at", "2020-08-07 02:29:10.472395"]]
  [1m[35m (81.6ms)[0m  [1m[36mcommit transaction[0m
  [1m[35m (0.1ms)[0m  [1m[36mbegin transaction[0m
  [1m[36mPhoto Load (0.2ms)[0m  [1m[34mSELECT "photos".* FROM "photos" WHERE "photos"."id" = ? LIMIT ?[0m  [["id", 9], ["LIMIT", 1]]
  [1m[36mAi Create (0.4ms)[0m  [1m[32mINSERT INTO "ais" ("album_id", "photo_id", "created_at", "updated_at") VALUES (?, ?, ?, ?)[0m  [["album_id", 6], ["photo_id", 9], ["created_at", "2020-08-07 02:30:52.777013"], ["updated_at", "2020-08-07 02:30:52.777013"]]
  [1m[35m (86.0ms)[0m  [1m[36mcommit transaction[0m
  [1m[35m (0.1ms)[0m  [1m[36mbegin transaction[0m
  [1m[36mAlbum Destroy (0.3ms)[0m  [1m[31mDELETE FROM "albums" WHERE "albums"."id" = ?[0m  [["id", 6]]
  [1m[35m (101.5ms)[0m  [1m[36mcommit transaction[0m
  [1m[35m (0.1ms)[0m  [1m[36mbegin transaction[0m
  [1m[36mUser Exists? (0.2ms)[0m  [1m[34mSELECT 1 AS one FROM "users" WHERE "users"."email" = ? LIMIT ?[0m  [["email", "@tthanh"], ["LIMIT", 1]]
  [1m[36mUser Create (0.3ms)[0m  [1m[32mINSERT INTO "users" ("firstname", "lastname", "email", "password", "created_at", "updated_at") VALUES (?, ?, ?, ?, ?, ?)[0m  [["firstname", "thanh"], ["lastname", "vo"], ["email", "@tthanh"], ["password", "234"], ["created_at", "2020-08-07 02:34:53.155659"], ["updated_at", "2020-08-07 02:34:53.155659"]]
  [1m[35m (98.7ms)[0m  [1m[36mcommit transaction[0m
  [1m[35m (0.1ms)[0m  [1m[36mbegin transaction[0m
  [1m[36mAlbum Create (0.2ms)[0m  [1m[32mINSERT INTO "albums" ("user_id", "created_at", "updated_at") VALUES (?, ?, ?)[0m  [["user_id", 11], ["created_at", "2020-08-07 02:35:02.313714"], ["updated_at", "2020-08-07 02:35:02.313714"]]
  [1m[35m (108.9ms)[0m  [1m[36mcommit transaction[0m
  [1m[35m (0.1ms)[0m  [1m[36mbegin transaction[0m
  [1m[36mPhoto Create (0.6ms)[0m  [1m[32mINSERT INTO "photos" ("user_id", "created_at", "updated_at") VALUES (?, ?, ?)[0m  [["user_id", 11], ["created_at", "2020-08-07 02:35:09.892067"], ["updated_at", "2020-08-07 02:35:09.892067"]]
  [1m[35m (109.1ms)[0m  [1m[36mcommit transaction[0m
  [1m[35m (0.2ms)[0m  [1m[36mbegin transaction[0m
  [1m[36mPhoto Load (0.4ms)[0m  [1m[34mSELECT "photos".* FROM "photos" WHERE "photos"."id" = ? LIMIT ?[0m  [["id", 10], ["LIMIT", 1]]
  [1m[36mAi Create (1.1ms)[0m  [1m[32mINSERT INTO "ais" ("album_id", "photo_id", "created_at", "updated_at") VALUES (?, ?, ?, ?)[0m  [["album_id", 7], ["photo_id", 10], ["created_at", "2020-08-07 02:35:43.150354"], ["updated_at", "2020-08-07 02:35:43.150354"]]
  [1m[35m (74.6ms)[0m  [1m[36mcommit transaction[0m
  [1m[35m (0.1ms)[0m  [1m[36mbegin transaction[0m
  [1m[36mAlbum Destroy (0.3ms)[0m  [1m[31mDELETE FROM "albums" WHERE "albums"."id" = ?[0m  [["id", 7]]
  [1m[35m (85.1ms)[0m  [1m[36mcommit transaction[0m
  [1m[35m (0.3ms)[0m  [1m[34mSELECT sqlite_version(*)[0m
  [1m[35m (0.1ms)[0m  [1m[34mSELECT "schema_migrations"."version" FROM "schema_migrations" ORDER BY "schema_migrations"."version" ASC[0m
  [1m[36mActiveRecord::InternalMetadata Load (0.1ms)[0m  [1m[34mSELECT "ar_internal_metadata".* FROM "ar_internal_metadata" WHERE "ar_internal_metadata"."key" = ? LIMIT ?[0m  [["key", "environment"], ["LIMIT", 1]]
  [1m[35m (0.1ms)[0m  [1m[34mSELECT sqlite_version(*)[0m
  [1m[35m (0.1ms)[0m  [1m[34mSELECT "schema_migrations"."version" FROM "schema_migrations" ORDER BY "schema_migrations"."version" ASC[0m
  [1m[35m (0.3ms)[0m  [1m[34mSELECT sqlite_version(*)[0m
  [1m[35m (0.1ms)[0m  [1m[36mbegin transaction[0m
  [1m[36mUser Exists? (0.2ms)[0m  [1m[34mSELECT 1 AS one FROM "users" WHERE "users"."email" = ? LIMIT ?[0m  [["email", "@tthanh"], ["LIMIT", 1]]
  [1m[36mUser Create (0.3ms)[0m  [1m[32mINSERT INTO "users" ("firstname", "lastname", "email", "password", "created_at", "updated_at") VALUES (?, ?, ?, ?, ?, ?)[0m  [["firstname", "thanh"], ["lastname", "vo"], ["email", "@tthanh"], ["password", "234"], ["created_at", "2020-08-07 02:37:45.958120"], ["updated_at", "2020-08-07 02:37:45.958120"]]
  [1m[35m (106.8ms)[0m  [1m[36mcommit transaction[0m
  [1m[35m (0.1ms)[0m  [1m[36mbegin transaction[0m
  [1m[36mAlbum Create (0.3ms)[0m  [1m[32mINSERT INTO "albums" ("user_id", "created_at", "updated_at") VALUES (?, ?, ?)[0m  [["user_id", 12], ["created_at", "2020-08-07 02:37:51.884062"], ["updated_at", "2020-08-07 02:37:51.884062"]]
  [1m[35m (104.1ms)[0m  [1m[36mcommit transaction[0m
  [1m[35m (0.0ms)[0m  [1m[36mbegin transaction[0m
  [1m[36mPhoto Create (0.7ms)[0m  [1m[32mINSERT INTO "photos" ("user_id", "created_at", "updated_at") VALUES (?, ?, ?)[0m  [["user_id", 12], ["created_at", "2020-08-07 02:38:00.812715"], ["updated_at", "2020-08-07 02:38:00.812715"]]
  [1m[35m (86.8ms)[0m  [1m[36mcommit transaction[0m
  [1m[35m (0.1ms)[0m  [1m[36mbegin transaction[0m
  [1m[36mPhoto Load (0.2ms)[0m  [1m[34mSELECT "photos".* FROM "photos" WHERE "photos"."id" = ? LIMIT ?[0m  [["id", 11], ["LIMIT", 1]]
  [1m[36mAi Create (0.3ms)[0m  [1m[32mINSERT INTO "ais" ("album_id", "photo_id", "created_at", "updated_at") VALUES (?, ?, ?, ?)[0m  [["album_id", 8], ["photo_id", 11], ["created_at", "2020-08-07 02:38:27.919997"], ["updated_at", "2020-08-07 02:38:27.919997"]]
  [1m[35m (82.7ms)[0m  [1m[36mcommit transaction[0m
  [1m[35m (0.3ms)[0m  [1m[34mSELECT sqlite_version(*)[0m
  [1m[35m (0.1ms)[0m  [1m[36mbegin transaction[0m
  [1m[36mUser Exists? (0.1ms)[0m  [1m[34mSELECT 1 AS one FROM "users" WHERE "users"."email" = ? LIMIT ?[0m  [["email", "@ttnh"], ["LIMIT", 1]]
  [1m[36mUser Create (0.3ms)[0m  [1m[32mINSERT INTO "users" ("firstname", "lastname", "email", "password", "created_at", "updated_at") VALUES (?, ?, ?, ?, ?, ?)[0m  [["firstname", "thanh"], ["lastname", "vo"], ["email", "@ttnh"], ["password", "234"], ["created_at", "2020-08-07 02:42:44.292104"], ["updated_at", "2020-08-07 02:42:44.292104"]]
  [1m[35m (101.1ms)[0m  [1m[36mcommit transaction[0m
  [1m[35m (0.1ms)[0m  [1m[36mbegin transaction[0m
  [1m[36mAlbum Create (0.3ms)[0m  [1m[32mINSERT INTO "albums" ("user_id", "created_at", "updated_at") VALUES (?, ?, ?)[0m  [["user_id", 13], ["created_at", "2020-08-07 02:43:01.715741"], ["updated_at", "2020-08-07 02:43:01.715741"]]
  [1m[35m (123.3ms)[0m  [1m[36mcommit transaction[0m
  [1m[35m (0.1ms)[0m  [1m[36mbegin transaction[0m
  [1m[36mPhoto Create (0.5ms)[0m  [1m[32mINSERT INTO "photos" ("user_id", "title", "created_at", "updated_at") VALUES (?, ?, ?, ?)[0m  [["user_id", 13], ["title", "xxx"], ["created_at", "2020-08-07 02:43:48.137597"], ["updated_at", "2020-08-07 02:43:48.137597"]]
  [1m[35m (86.2ms)[0m  [1m[36mcommit transaction[0m
  [1m[35m (0.1ms)[0m  [1m[36mbegin transaction[0m
  [1m[36mPhoto Load (0.2ms)[0m  [1m[34mSELECT "photos".* FROM "photos" WHERE "photos"."id" = ? LIMIT ?[0m  [["id", 12], ["LIMIT", 1]]
  [1m[36mAi Create (0.3ms)[0m  [1m[32mINSERT INTO "ais" ("album_id", "photo_id", "created_at", "updated_at") VALUES (?, ?, ?, ?)[0m  [["album_id", 9], ["photo_id", 12], ["created_at", "2020-08-07 02:44:18.765015"], ["updated_at", "2020-08-07 02:44:18.765015"]]
  [1m[35m (106.7ms)[0m  [1m[36mcommit transaction[0m
  [1m[35m (0.2ms)[0m  [1m[34mSELECT "ais"."photo_id" FROM "ais" WHERE "ais"."album_id" = ?[0m  [["album_id", 9]]
  [1m[36mPhoto Load (0.8ms)[0m  [1m[34mSELECT "photos".* FROM "photos" WHERE "photos"."id" = ? AND "photos"."title" = ? LIMIT ?[0m  [["id", 12], ["title", "xxx"], ["LIMIT", 11]]
  [1m[35m (0.1ms)[0m  [1m[36mbegin transaction[0m
  [1m[36mAlbum Destroy (0.2ms)[0m  [1m[31mDELETE FROM "albums" WHERE "albums"."id" = ?[0m  [["id", 9]]
  [1m[35m (88.6ms)[0m  [1m[36mcommit transaction[0m
  [1m[35m (0.1ms)[0m  [1m[34mSELECT sqlite_version(*)[0m
  [1m[35m (0.1ms)[0m  [1m[36mbegin transaction[0m
  [1m[36mUser Exists? (0.1ms)[0m  [1m[34mSELECT 1 AS one FROM "users" WHERE "users"."email" = ? LIMIT ?[0m  [["email", "@tt"], ["LIMIT", 1]]
  [1m[36mUser Create (0.2ms)[0m  [1m[32mINSERT INTO "users" ("firstname", "lastname", "email", "password", "created_at", "updated_at") VALUES (?, ?, ?, ?, ?, ?)[0m  [["firstname", "thanh"], ["lastname", "vo"], ["email", "@tt"], ["password", "234"], ["created_at", "2020-08-07 04:48:29.912308"], ["updated_at", "2020-08-07 04:48:29.912308"]]
  [1m[35m (106.9ms)[0m  [1m[36mcommit transaction[0m
  [1m[35m (0.2ms)[0m  [1m[36mbegin transaction[0m
  [1m[36mUser Exists? (0.5ms)[0m  [1m[34mSELECT 1 AS one FROM "users" WHERE "users"."email" = ? LIMIT ?[0m  [["email", "@t"], ["LIMIT", 1]]
  [1m[36mUser Create (1.0ms)[0m  [1m[32mINSERT INTO "users" ("firstname", "lastname", "email", "password", "created_at", "updated_at") VALUES (?, ?, ?, ?, ?, ?)[0m  [["firstname", "thanh"], ["lastname", "vo"], ["email", "@t"], ["password", "234"], ["created_at", "2020-08-07 04:48:37.455773"], ["updated_at", "2020-08-07 04:48:37.455773"]]
  [1m[35m (105.0ms)[0m  [1m[36mcommit transaction[0m
  [1m[35m (0.1ms)[0m  [1m[36mbegin transaction[0m
  [1m[36mUser Exists? (0.1ms)[0m  [1m[34mSELECT 1 AS one FROM "users" WHERE "users"."email" IS NULL LIMIT ?[0m  [["LIMIT", 1]]
  [1m[35m (0.0ms)[0m  [1m[31mrollback transaction[0m
  [1m[35m (0.1ms)[0m  [1m[36mbegin transaction[0m
  [1m[36mUser Load (0.2ms)[0m  [1m[34mSELECT "users".* FROM "users" WHERE "users"."id" = ? LIMIT ?[0m  [["id", 15], ["LIMIT", 1]]
  [1m[35m (0.1ms)[0m  [1m[31mrollback transaction[0m
  [1m[35m (0.2ms)[0m  [1m[36mbegin transaction[0m
  [1m[36mUser Load (0.4ms)[0m  [1m[34mSELECT "users".* FROM "users" WHERE "users"."id" = ? LIMIT ?[0m  [["id", 12], ["LIMIT", 1]]
  [1m[36mUser Load (0.3ms)[0m  [1m[34mSELECT "users".* FROM "users" WHERE "users"."id" = ? LIMIT ?[0m  [["id", 15], ["LIMIT", 1]]
  [1m[36mFollow Create (0.9ms)[0m  [1m[32mINSERT INTO "follows" ("follower_id", "followed_user_id", "created_at", "updated_at") VALUES (?, ?, ?, ?)[0m  [["follower_id", 12], ["followed_user_id", 15], ["created_at", "2020-08-07 04:57:57.023822"], ["updated_at", "2020-08-07 04:57:57.023822"]]
  [1m[35m (97.5ms)[0m  [1m[36mcommit transaction[0m
  [1m[35m (0.1ms)[0m  [1m[36mbegin transaction[0m
  [1m[36mUser Load (0.1ms)[0m  [1m[34mSELECT "users".* FROM "users" WHERE "users"."id" = ? LIMIT ?[0m  [["id", 13], ["LIMIT", 1]]
  [1m[36mUser Load (0.1ms)[0m  [1m[34mSELECT "users".* FROM "users" WHERE "users"."id" = ? LIMIT ?[0m  [["id", 15], ["LIMIT", 1]]
  [1m[36mFollow Create (0.2ms)[0m  [1m[32mINSERT INTO "follows" ("follower_id", "followed_user_id", "created_at", "updated_at") VALUES (?, ?, ?, ?)[0m  [["follower_id", 13], ["followed_user_id", 15], ["created_at", "2020-08-07 05:23:02.619024"], ["updated_at", "2020-08-07 05:23:02.619024"]]
  [1m[35m (71.8ms)[0m  [1m[36mcommit transaction[0m
  [1m[35m (0.1ms)[0m  [1m[36mbegin transaction[0m
  [1m[36mUser Load (0.1ms)[0m  [1m[34mSELECT "users".* FROM "users" WHERE "users"."id" = ? LIMIT ?[0m  [["id", 14], ["LIMIT", 1]]
  [1m[36mUser Load (0.1ms)[0m  [1m[34mSELECT "users".* FROM "users" WHERE "users"."id" = ? LIMIT ?[0m  [["id", 15], ["LIMIT", 1]]
  [1m[36mFollow Create (0.2ms)[0m  [1m[32mINSERT INTO "follows" ("follower_id", "followed_user_id", "created_at", "updated_at") VALUES (?, ?, ?, ?)[0m  [["follower_id", 14], ["followed_user_id", 15], ["created_at", "2020-08-07 05:23:27.970424"], ["updated_at", "2020-08-07 05:23:27.970424"]]
  [1m[35m (88.9ms)[0m  [1m[36mcommit transaction[0m
  [1m[36mUser Load (0.5ms)[0m  [1m[34mSELECT "users".* FROM "users" WHERE "users"."user_id" = ? LIMIT ?[0m  [["user_id", 13], ["LIMIT", 1]]
  [1m[36mUser Load (0.1ms)[0m  [1m[34mSELECT "users".* FROM "users" WHERE "users"."id" = ? LIMIT ?[0m  [["id", nil], ["LIMIT", 1]]
  [1m[36mUser Load (0.1ms)[0m  [1m[34mSELECT "users".* FROM "users" WHERE "users"."id" = ? LIMIT ?[0m  [["id", nil], ["LIMIT", 1]]
  [1m[35m (0.2ms)[0m  [1m[36mbegin transaction[0m
  [1m[36mUser Exists? (0.5ms)[0m  [1m[34mSELECT 1 AS one FROM "users" WHERE "users"."email" = ? LIMIT ?[0m  [["email", "@nt"], ["LIMIT", 1]]
  [1m[36mUser Create (1.0ms)[0m  [1m[32mINSERT INTO "users" ("firstname", "lastname", "email", "password", "created_at", "updated_at") VALUES (?, ?, ?, ?, ?, ?)[0m  [["firstname", "thanh"], ["lastname", "vo"], ["email", "@nt"], ["password", "234"], ["created_at", "2020-08-07 05:28:39.539613"], ["updated_at", "2020-08-07 05:28:39.539613"]]
  [1m[35m (102.4ms)[0m  [1m[36mcommit transaction[0m
  [1m[35m (0.1ms)[0m  [1m[36mbegin transaction[0m
  [1m[36mUser Load (0.1ms)[0m  [1m[34mSELECT "users".* FROM "users" WHERE "users"."id" = ? LIMIT ?[0m  [["id", 15], ["LIMIT", 1]]
  [1m[36mUser Load (0.1ms)[0m  [1m[34mSELECT "users".* FROM "users" WHERE "users"."id" = ? LIMIT ?[0m  [["id", 16], ["LIMIT", 1]]
  [1m[36mFollow Create (0.5ms)[0m  [1m[32mINSERT INTO "follows" ("follower_id", "followed_user_id", "created_at", "updated_at") VALUES (?, ?, ?, ?)[0m  [["follower_id", 15], ["followed_user_id", 16], ["created_at", "2020-08-07 05:29:31.989749"], ["updated_at", "2020-08-07 05:29:31.989749"]]
  [1m[35m (91.8ms)[0m  [1m[36mcommit transaction[0m
  [1m[35m (0.1ms)[0m  [1m[36mbegin transaction[0m
  [1m[36mUser Load (0.1ms)[0m  [1m[34mSELECT "users".* FROM "users" WHERE "users"."id" = ? LIMIT ?[0m  [["id", 16], ["LIMIT", 1]]
  [1m[35m (0.1ms)[0m  [1m[31mrollback transaction[0m
  [1m[36mFollow Load (0.6ms)[0m  [1m[34mSELECT "follows".* FROM "follows" WHERE "follows"."follower_id" = ?[0m  [["follower_id", 16]]
  [1m[36mUser Load (0.3ms)[0m  [1m[34mSELECT "users".* FROM "users" INNER JOIN "follows" ON "users"."id" = "follows"."followed_user_id" WHERE "follows"."follower_id" = ? LIMIT ?[0m  [["follower_id", 16], ["LIMIT", 11]]
  [1m[36mUser Load (0.1ms)[0m  [1m[34mSELECT "users".* FROM "users" INNER JOIN "follows" ON "users"."id" = "follows"."followed_user_id" WHERE "follows"."follower_id" = ? LIMIT ?[0m  [["follower_id", 15], ["LIMIT", 11]]
  [1m[35m (0.1ms)[0m  [1m[34mSELECT sqlite_version(*)[0m
  [1m[35m (0.1ms)[0m  [1m[36mbegin transaction[0m
  [1m[36mUser Exists? (0.2ms)[0m  [1m[34mSELECT 1 AS one FROM "users" WHERE "users"."email" = ? LIMIT ?[0m  [["email", "ok"], ["LIMIT", 1]]
  [1m[36mUser Create (0.3ms)[0m  [1m[32mINSERT INTO "users" ("firstname", "lastname", "email", "password", "created_at", "updated_at") VALUES (?, ?, ?, ?, ?, ?)[0m  [["firstname", "17"], ["lastname", "f"], ["email", "ok"], ["password", "2"], ["created_at", "2020-08-07 05:40:52.510758"], ["updated_at", "2020-08-07 05:40:52.510758"]]
  [1m[35m (82.8ms)[0m  [1m[36mcommit transaction[0m
  [1m[35m (0.1ms)[0m  [1m[36mbegin transaction[0m
  [1m[36mUser Exists? (0.1ms)[0m  [1m[34mSELECT 1 AS one FROM "users" WHERE "users"."email" = ? LIMIT ?[0m  [["email", "1ok"], ["LIMIT", 1]]
  [1m[36mUser Create (0.3ms)[0m  [1m[32mINSERT INTO "users" ("firstname", "lastname", "email", "password", "created_at", "updated_at") VALUES (?, ?, ?, ?, ?, ?)[0m  [["firstname", "17"], ["lastname", "f"], ["email", "1ok"], ["password", "2"], ["created_at", "2020-08-07 05:41:27.536407"], ["updated_at", "2020-08-07 05:41:27.536407"]]
  [1m[35m (103.6ms)[0m  [1m[36mcommit transaction[0m
  [1m[35m (0.1ms)[0m  [1m[36mbegin transaction[0m
  [1m[36mUser Exists? (0.2ms)[0m  [1m[34mSELECT 1 AS one FROM "users" WHERE "users"."email" = ? LIMIT ?[0m  [["email", "51ok"], ["LIMIT", 1]]
  [1m[36mUser Create (0.3ms)[0m  [1m[32mINSERT INTO "users" ("firstname", "lastname", "email", "password", "created_at", "updated_at") VALUES (?, ?, ?, ?, ?, ?)[0m  [["firstname", "17"], ["lastname", "f"], ["email", "51ok"], ["password", "2"], ["created_at", "2020-08-07 05:41:44.615697"], ["updated_at", "2020-08-07 05:41:44.615697"]]
  [1m[35m (80.7ms)[0m  [1m[36mcommit transaction[0m
  [1m[35m (0.1ms)[0m  [1m[36mbegin transaction[0m
  [1m[36mUser Exists? (0.2ms)[0m  [1m[34mSELECT 1 AS one FROM "users" WHERE "users"."email" = ? LIMIT ?[0m  [["email", "551ok"], ["LIMIT", 1]]
  [1m[36mUser Create (0.4ms)[0m  [1m[32mINSERT INTO "users" ("firstname", "lastname", "email", "password", "created_at", "updated_at") VALUES (?, ?, ?, ?, ?, ?)[0m  [["firstname", "17"], ["lastname", "f"], ["email", "551ok"], ["password", "2"], ["created_at", "2020-08-07 05:42:00.860548"], ["updated_at", "2020-08-07 05:42:00.860548"]]
  [1m[35m (81.0ms)[0m  [1m[36mcommit transaction[0m
  [1m[35m (0.1ms)[0m  [1m[36mbegin transaction[0m
  [1m[36mUser Load (0.2ms)[0m  [1m[34mSELECT "users".* FROM "users" WHERE "users"."id" = ? LIMIT ?[0m  [["id", 17], ["LIMIT", 1]]
  [1m[36mUser Load (0.1ms)[0m  [1m[34mSELECT "users".* FROM "users" WHERE "users"."id" = ? LIMIT ?[0m  [["id", 18], ["LIMIT", 1]]
  [1m[36mFollow Create (0.3ms)[0m  [1m[32mINSERT INTO "follows" ("follower_id", "followed_user_id", "created_at", "updated_at") VALUES (?, ?, ?, ?)[0m  [["follower_id", 17], ["followed_user_id", 18], ["created_at", "2020-08-07 05:44:00.479454"], ["updated_at", "2020-08-07 05:44:00.479454"]]
  [1m[35m (78.7ms)[0m  [1m[36mcommit transaction[0m
  [1m[35m (0.1ms)[0m  [1m[36mbegin transaction[0m
  [1m[36mUser Load (0.1ms)[0m  [1m[34mSELECT "users".* FROM "users" WHERE "users"."id" = ? LIMIT ?[0m  [["id", 18], ["LIMIT", 1]]
  [1m[36mUser Load (0.1ms)[0m  [1m[34mSELECT "users".* FROM "users" WHERE "users"."id" = ? LIMIT ?[0m  [["id", 19], ["LIMIT", 1]]
  [1m[36mFollow Create (0.2ms)[0m  [1m[32mINSERT INTO "follows" ("follower_id", "followed_user_id", "created_at", "updated_at") VALUES (?, ?, ?, ?)[0m  [["follower_id", 18], ["followed_user_id", 19], ["created_at", "2020-08-07 05:44:39.806075"], ["updated_at", "2020-08-07 05:44:39.806075"]]
  [1m[35m (76.4ms)[0m  [1m[36mcommit transaction[0m
  [1m[35m (0.1ms)[0m  [1m[36mbegin transaction[0m
  [1m[36mUser Load (0.1ms)[0m  [1m[34mSELECT "users".* FROM "users" WHERE "users"."id" = ? LIMIT ?[0m  [["id", 19], ["LIMIT", 1]]
  [1m[36mUser Load (0.1ms)[0m  [1m[34mSELECT "users".* FROM "users" WHERE "users"."id" = ? LIMIT ?[0m  [["id", 20], ["LIMIT", 1]]
  [1m[36mFollow Create (0.7ms)[0m  [1m[32mINSERT INTO "follows" ("follower_id", "followed_user_id", "created_at", "updated_at") VALUES (?, ?, ?, ?)[0m  [["follower_id", 19], ["followed_user_id", 20], ["created_at", "2020-08-07 05:45:13.891040"], ["updated_at", "2020-08-07 05:45:13.891040"]]
  [1m[35m (81.4ms)[0m  [1m[36mcommit transaction[0m
  [1m[35m (0.1ms)[0m  [1m[36mbegin transaction[0m
  [1m[36mUser Load (0.1ms)[0m  [1m[34mSELECT "users".* FROM "users" WHERE "users"."id" = ? LIMIT ?[0m  [["id", 20], ["LIMIT", 1]]
  [1m[36mUser Load (0.1ms)[0m  [1m[34mSELECT "users".* FROM "users" WHERE "users"."id" = ? LIMIT ?[0m  [["id", 17], ["LIMIT", 1]]
  [1m[36mFollow Create (0.4ms)[0m  [1m[32mINSERT INTO "follows" ("follower_id", "followed_user_id", "created_at", "updated_at") VALUES (?, ?, ?, ?)[0m  [["follower_id", 20], ["followed_user_id", 17], ["created_at", "2020-08-07 05:45:32.415626"], ["updated_at", "2020-08-07 05:45:32.415626"]]
  [1m[35m (91.5ms)[0m  [1m[36mcommit transaction[0m
  [1m[35m (0.1ms)[0m  [1m[36mbegin transaction[0m
  [1m[36mUser Load (0.1ms)[0m  [1m[34mSELECT "users".* FROM "users" WHERE "users"."id" = ? LIMIT ?[0m  [["id", 18], ["LIMIT", 1]]
  [1m[36mUser Load (0.1ms)[0m  [1m[34mSELECT "users".* FROM "users" WHERE "users"."id" = ? LIMIT ?[0m  [["id", 20], ["LIMIT", 1]]
  [1m[36mFollow Create (0.2ms)[0m  [1m[32mINSERT INTO "follows" ("follower_id", "followed_user_id", "created_at", "updated_at") VALUES (?, ?, ?, ?)[0m  [["follower_id", 18], ["followed_user_id", 20], ["created_at", "2020-08-07 05:46:13.541675"], ["updated_at", "2020-08-07 05:46:13.541675"]]
  [1m[35m (100.7ms)[0m  [1m[36mcommit transaction[0m
  [1m[36mFollow Load (0.6ms)[0m  [1m[34mSELECT "follows".* FROM "follows" WHERE "follows"."followed_user_id" = ? LIMIT ?[0m  [["followed_user_id", 20], ["LIMIT", 11]]
  [1m[36mUser Load (0.2ms)[0m  [1m[34mSELECT "users".* FROM "users" INNER JOIN "follows" ON "users"."id" = "follows"."follower_id" WHERE "follows"."followed_user_id" = ? LIMIT ?[0m  [["followed_user_id", 19], ["LIMIT", 11]]
  [1m[36mUser Load (0.3ms)[0m  [1m[34mSELECT "users".* FROM "users" INNER JOIN "follows" ON "users"."id" = "follows"."followed_user_id" WHERE "follows"."follower_id" = ? LIMIT ?[0m  [["follower_id", 19], ["LIMIT", 11]]
  [1m[36mUser Load (0.1ms)[0m  [1m[34mSELECT "users".* FROM "users" INNER JOIN "follows" ON "users"."id" = "follows"."followed_user_id" WHERE "follows"."follower_id" = ? LIMIT ?[0m  [["follower_id", 18], ["LIMIT", 11]]
  [1m[36mUser Load (0.1ms)[0m  [1m[34mSELECT "users".* FROM "users" INNER JOIN "follows" ON "users"."id" = "follows"."follower_id" WHERE "follows"."followed_user_id" = ? LIMIT ?[0m  [["followed_user_id", 18], ["LIMIT", 11]]
  [1m[36mUser Load (0.4ms)[0m  [1m[34mSELECT "users".* FROM "users" INNER JOIN "follows" ON "users"."id" = "follows"."followed_user_id" WHERE "follows"."follower_id" = ? LIMIT ?[0m  [["follower_id", 17], ["LIMIT", 11]]
  [1m[35m (0.1ms)[0m  [1m[36mbegin transaction[0m
  [1m[36mUser Load (0.1ms)[0m  [1m[34mSELECT "users".* FROM "users" WHERE "users"."id" = ? LIMIT ?[0m  [["id", 17], ["LIMIT", 1]]
  [1m[36mUser Load (0.1ms)[0m  [1m[34mSELECT "users".* FROM "users" WHERE "users"."id" = ? LIMIT ?[0m  [["id", 19], ["LIMIT", 1]]
  [1m[36mFollow Create (0.2ms)[0m  [1m[32mINSERT INTO "follows" ("follower_id", "followed_user_id", "created_at", "updated_at") VALUES (?, ?, ?, ?)[0m  [["follower_id", 17], ["followed_user_id", 19], ["created_at", "2020-08-07 05:58:03.119865"], ["updated_at", "2020-08-07 05:58:03.119865"]]
  [1m[35m (109.8ms)[0m  [1m[36mcommit transaction[0m
  [1m[36mUser Load (0.1ms)[0m  [1m[34mSELECT "users".* FROM "users" INNER JOIN "follows" ON "users"."id" = "follows"."followed_user_id" WHERE "follows"."follower_id" = ? LIMIT ?[0m  [["follower_id", 17], ["LIMIT", 11]]
  [1m[36mUser Load (0.4ms)[0m  [1m[34mSELECT "users".* FROM "users" INNER JOIN "follows" ON "users"."id" = "follows"."followed_user_id" WHERE "follows"."follower_id" = ? LIMIT ?[0m  [["follower_id", 20], ["LIMIT", 11]]
  [1m[35m (0.2ms)[0m  [1m[36mbegin transaction[0m
  [1m[36mUser Load (0.5ms)[0m  [1m[34mSELECT "users".* FROM "users" WHERE "users"."id" = ? LIMIT ?[0m  [["id", 17], ["LIMIT", 1]]
  [1m[36mUser Load (0.4ms)[0m  [1m[34mSELECT "users".* FROM "users" WHERE "users"."id" = ? LIMIT ?[0m  [["id", 20], ["LIMIT", 1]]
  [1m[36mFollow Create (1.0ms)[0m  [1m[32mINSERT INTO "follows" ("follower_id", "followed_user_id", "created_at", "updated_at") VALUES (?, ?, ?, ?)[0m  [["follower_id", 17], ["followed_user_id", 20], ["created_at", "2020-08-07 06:12:06.909607"], ["updated_at", "2020-08-07 06:12:06.909607"]]
  [1m[35m (106.6ms)[0m  [1m[36mcommit transaction[0m
  [1m[36mUser Load (0.5ms)[0m  [1m[34mSELECT "users".* FROM "users" INNER JOIN "follows" ON "users"."id" = "follows"."follower_id" WHERE "follows"."followed_user_id" = ? LIMIT ?[0m  [["followed_user_id", 20], ["LIMIT", 11]]
  [1m[36mUser Load (0.1ms)[0m  [1m[34mSELECT "users".* FROM "users" INNER JOIN "follows" ON "users"."id" = "follows"."followed_user_id" WHERE "follows"."follower_id" = ? LIMIT ?[0m  [["follower_id", 17], ["LIMIT", 11]]
  [1m[36mUser Load (0.4ms)[0m  [1m[34mSELECT "users".* FROM "users" INNER JOIN "follows" ON "users"."id" = "follows"."follower_id" WHERE "follows"."followed_user_id" = ? LIMIT ?[0m  [["followed_user_id", 19], ["LIMIT", 11]]
  [1m[35m (0.1ms)[0m  [1m[36mbegin transaction[0m
  [1m[36mUser Load (0.1ms)[0m  [1m[34mSELECT "users".* FROM "users" WHERE "users"."id" = ? LIMIT ?[0m  [["id", 20], ["LIMIT", 1]]
  [1m[36mUser Load (0.1ms)[0m  [1m[34mSELECT "users".* FROM "users" WHERE "users"."id" = ? LIMIT ?[0m  [["id", 19], ["LIMIT", 1]]
  [1m[36mFollow Create (0.2ms)[0m  [1m[32mINSERT INTO "follows" ("follower_id", "followed_user_id", "created_at", "updated_at") VALUES (?, ?, ?, ?)[0m  [["follower_id", 20], ["followed_user_id", 19], ["created_at", "2020-08-07 06:22:47.677714"], ["updated_at", "2020-08-07 06:22:47.677714"]]
  [1m[35m (88.7ms)[0m  [1m[36mcommit transaction[0m
  [1m[36mUser Load (0.2ms)[0m  [1m[34mSELECT "users".* FROM "users" INNER JOIN "follows" ON "users"."id" = "follows"."follower_id" WHERE "follows"."followed_user_id" = ? LIMIT ?[0m  [["followed_user_id", 19], ["LIMIT", 11]]
  [1m[35m (0.3ms)[0m  [1m[34mSELECT sqlite_version(*)[0m
  [1m[35m (0.2ms)[0m  [1m[34mSELECT "schema_migrations"."version" FROM "schema_migrations" ORDER BY "schema_migrations"."version" ASC[0m
Migrating to AddConFirPassWordToUser (20200807063153)
  [1m[35m (0.1ms)[0m  [1m[36mbegin transaction[0m
  [1m[35m (0.3ms)[0m  [1m[35mALTER TABLE "users" ADD "confirpassword" varchar[0m
  [1m[36mprimary::SchemaMigration Create (0.2ms)[0m  [1m[32mINSERT INTO "schema_migrations" ("version") VALUES (?)[0m  [["version", "20200807063153"]]
  [1m[35m (67.5ms)[0m  [1m[36mcommit transaction[0m
  [1m[36mActiveRecord::InternalMetadata Load (0.4ms)[0m  [1m[34mSELECT "ar_internal_metadata".* FROM "ar_internal_metadata" WHERE "ar_internal_metadata"."key" = ? LIMIT ?[0m  [["key", "environment"], ["LIMIT", 1]]
  [1m[35m (0.2ms)[0m  [1m[34mSELECT sqlite_version(*)[0m
  [1m[35m (0.2ms)[0m  [1m[34mSELECT "schema_migrations"."version" FROM "schema_migrations" ORDER BY "schema_migrations"."version" ASC[0m
  [1m[35m (0.3ms)[0m  [1m[34mSELECT sqlite_version(*)[0m
  [1m[35m (0.1ms)[0m  [1m[36mbegin transaction[0m
  [1m[36mUser Exists? (0.2ms)[0m  [1m[34mSELECT 1 AS one FROM "users" WHERE "users"."email" = ? LIMIT ?[0m  [["email", "2"], ["LIMIT", 1]]
  [1m[36mUser Create (0.3ms)[0m  [1m[32mINSERT INTO "users" ("firstname", "lastname", "email", "password", "created_at", "updated_at", "confirpassword") VALUES (?, ?, ?, ?, ?, ?, ?)[0m  [["firstname", "thanh"], ["lastname", "vo"], ["email", "2"], ["password", "123"], ["created_at", "2020-08-07 06:34:12.984718"], ["updated_at", "2020-08-07 06:34:12.984718"], ["confirpassword", "123"]]
  [1m[35m (78.5ms)[0m  [1m[36mcommit transaction[0m
  [1m[35m (0.2ms)[0m  [1m[36mbegin transaction[0m
  [1m[36mUser Exists? (0.5ms)[0m  [1m[34mSELECT 1 AS one FROM "users" WHERE "users"."email" = ? LIMIT ?[0m  [["email", "12"], ["LIMIT", 1]]
  [1m[36mUser Create (0.8ms)[0m  [1m[32mINSERT INTO "users" ("firstname", "lastname", "email", "password", "created_at", "updated_at", "confirpassword") VALUES (?, ?, ?, ?, ?, ?, ?)[0m  [["firstname", "thanh"], ["lastname", "vo"], ["email", "12"], ["password", "123"], ["created_at", "2020-08-07 06:34:44.096099"], ["updated_at", "2020-08-07 06:34:44.096099"], ["confirpassword", "1"]]
  [1m[35m (121.0ms)[0m  [1m[36mcommit transaction[0m
  [1m[35m (0.2ms)[0m  [1m[36mbegin transaction[0m
  [1m[36mUser Exists? (0.4ms)[0m  [1m[34mSELECT 1 AS one FROM "users" WHERE "users"."email" = ? LIMIT ?[0m  [["email", "12"], ["LIMIT", 1]]
  [1m[35m (0.2ms)[0m  [1m[31mrollback transaction[0m
  [1m[35m (0.1ms)[0m  [1m[36mbegin transaction[0m
  [1m[36mUser Exists? (0.3ms)[0m  [1m[34mSELECT 1 AS one FROM "users" WHERE "users"."email" = ? LIMIT ?[0m  [["email", "12"], ["LIMIT", 1]]
  [1m[35m (0.1ms)[0m  [1m[31mrollback transaction[0m
  [1m[35m (0.2ms)[0m  [1m[36mbegin transaction[0m
  [1m[36mUser Exists? (0.4ms)[0m  [1m[34mSELECT 1 AS one FROM "users" WHERE "users"."email" = ? LIMIT ?[0m  [["email", "992"], ["LIMIT", 1]]
  [1m[36mUser Create (1.0ms)[0m  [1m[32mINSERT INTO "users" ("firstname", "lastname", "email", "password", "created_at", "updated_at", "confirpassword") VALUES (?, ?, ?, ?, ?, ?, ?)[0m  [["firstname", "thanh"], ["lastname", "vo"], ["email", "992"], ["password", "123"], ["created_at", "2020-08-07 06:45:46.374541"], ["updated_at", "2020-08-07 06:45:46.374541"], ["confirpassword", "1"]]
  [1m[35m (75.3ms)[0m  [1m[36mcommit transaction[0m
  [1m[35m (0.4ms)[0m  [1m[34mSELECT sqlite_version(*)[0m
  [1m[35m (0.1ms)[0m  [1m[36mbegin transaction[0m
  [1m[36mUser Exists? (0.2ms)[0m  [1m[34mSELECT 1 AS one FROM "users" WHERE "users"."email" = ? LIMIT ?[0m  [["email", "12"], ["LIMIT", 1]]
  [1m[36mUser Exists? (0.1ms)[0m  [1m[34mSELECT 1 AS one FROM "users" WHERE "users"."email" = ? LIMIT ?[0m  [["email", "12"], ["LIMIT", 1]]
  [1m[35m (0.0ms)[0m  [1m[31mrollback transaction[0m
  [1m[35m (0.1ms)[0m  [1m[36mbegin transaction[0m
  [1m[36mUser Exists? (0.2ms)[0m  [1m[34mSELECT 1 AS one FROM "users" WHERE "users"."email" = ? LIMIT ?[0m  [["email", "12"], ["LIMIT", 1]]
  [1m[36mUser Exists? (0.1ms)[0m  [1m[34mSELECT 1 AS one FROM "users" WHERE "users"."email" = ? LIMIT ?[0m  [["email", "12"], ["LIMIT", 1]]
  [1m[35m (0.1ms)[0m  [1m[31mrollback transaction[0m
  [1m[35m (0.2ms)[0m  [1m[36mbegin transaction[0m
  [1m[36mUser Exists? (0.4ms)[0m  [1m[34mSELECT 1 AS one FROM "users" WHERE "users"."email" = ? LIMIT ?[0m  [["email", "162"], ["LIMIT", 1]]
  [1m[36mUser Exists? (0.3ms)[0m  [1m[34mSELECT 1 AS one FROM "users" WHERE "users"."email" = ? LIMIT ?[0m  [["email", "162"], ["LIMIT", 1]]
  [1m[36mUser Create (1.9ms)[0m  [1m[32mINSERT INTO "users" ("firstname", "lastname", "email", "password", "created_at", "updated_at", "confirpassword") VALUES (?, ?, ?, ?, ?, ?, ?)[0m  [["firstname", "thanh"], ["lastname", "vo"], ["email", "162"], ["password", "12"], ["created_at", "2020-08-07 06:52:23.916252"], ["updated_at", "2020-08-07 06:52:23.916252"], ["confirpassword", "53"]]
  [1m[35m (98.9ms)[0m  [1m[36mcommit transaction[0m
  [1m[35m (0.1ms)[0m  [1m[36mbegin transaction[0m
  [1m[36mUser Exists? (0.1ms)[0m  [1m[34mSELECT 1 AS one FROM "users" WHERE "users"."email" = ? LIMIT ?[0m  [["email", "00"], ["LIMIT", 1]]
  [1m[36mUser Exists? (0.1ms)[0m  [1m[34mSELECT 1 AS one FROM "users" WHERE "users"."email" = ? LIMIT ?[0m  [["email", "00"], ["LIMIT", 1]]
  [1m[35m (0.1ms)[0m  [1m[31mrollback transaction[0m
  [1m[35m (0.0ms)[0m  [1m[36mbegin transaction[0m
  [1m[36mUser Exists? (0.1ms)[0m  [1m[34mSELECT 1 AS one FROM "users" WHERE "users"."email" = ? LIMIT ?[0m  [["email", "00"], ["LIMIT", 1]]
  [1m[36mUser Exists? (0.1ms)[0m  [1m[34mSELECT 1 AS one FROM "users" WHERE "users"."email" = ? LIMIT ?[0m  [["email", "00"], ["LIMIT", 1]]
  [1m[36mUser Create (0.2ms)[0m  [1m[32mINSERT INTO "users" ("firstname", "lastname", "email", "password", "created_at", "updated_at", "confirpassword") VALUES (?, ?, ?, ?, ?, ?, ?)[0m  [["firstname", "thanh"], ["lastname", "vo"], ["email", "00"], ["password", "100"], ["created_at", "2020-08-07 06:53:14.469376"], ["updated_at", "2020-08-07 06:53:14.469376"], ["confirpassword", "53"]]
  [1m[35m (86.6ms)[0m  [1m[36mcommit transaction[0m
  [1m[35m (0.3ms)[0m  [1m[34mSELECT sqlite_version(*)[0m
  [1m[35m (0.1ms)[0m  [1m[36mbegin transaction[0m
  [1m[36mUser Exists? (0.2ms)[0m  [1m[34mSELECT 1 AS one FROM "users" WHERE "users"."email" = ? LIMIT ?[0m  [["email", "007"], ["LIMIT", 1]]
  [1m[35m (0.1ms)[0m  [1m[31mrollback transaction[0m
  [1m[35m (0.2ms)[0m  [1m[36mbegin transaction[0m
  [1m[36mUser Exists? (0.5ms)[0m  [1m[34mSELECT 1 AS one FROM "users" WHERE "users"."email" = ? LIMIT ?[0m  [["email", "007"], ["LIMIT", 1]]
  [1m[36mUser Create (0.8ms)[0m  [1m[32mINSERT INTO "users" ("firstname", "lastname", "email", "password", "created_at", "updated_at", "confirpassword") VALUES (?, ?, ?, ?, ?, ?, ?)[0m  [["firstname", "thanh"], ["lastname", "vo"], ["email", "007"], ["password", "100"], ["created_at", "2020-08-07 06:54:41.572071"], ["updated_at", "2020-08-07 06:54:41.572071"], ["confirpassword", "100"]]
  [1m[35m (82.1ms)[0m  [1m[36mcommit transaction[0m
Started GET "/" for ::1 at 2020-08-08 19:44:04 +0700
  [1m[35m (2.4ms)[0m  [1m[34mSELECT sqlite_version(*)[0m
  [1m[35m (0.5ms)[0m  [1m[34mSELECT "schema_migrations"."version" FROM "schema_migrations" ORDER BY "schema_migrations"."version" ASC[0m
Processing by Rails::WelcomeController#index as HTML
  Rendering /home/kenzo/.rvm/gems/ruby-2.7.1/gems/railties-6.0.3.2/lib/rails/templates/rails/welcome/index.html.erb
  Rendered /home/kenzo/.rvm/gems/ruby-2.7.1/gems/railties-6.0.3.2/lib/rails/templates/rails/welcome/index.html.erb (Duration: 37.3ms | Allocations: 407)
Completed 200 OK in 122ms (Views: 69.8ms | ActiveRecord: 0.0ms | Allocations: 2341)


Started GET "/users/index" for ::1 at 2020-08-08 21:40:39 +0700
  [1m[35m (0.3ms)[0m  [1m[34mSELECT sqlite_version(*)[0m
  [1m[35m (0.2ms)[0m  [1m[34mSELECT "schema_migrations"."version" FROM "schema_migrations" ORDER BY "schema_migrations"."version" ASC[0m
  
SyntaxError (/home/kenzo/Desktop/Final/Fotobook/rails_app/app/controllers/users_controller.rb:4: syntax error, unexpected `end'
  end
  ^~~
/home/kenzo/Desktop/Final/Fotobook/rails_app/app/controllers/users_controller.rb:8: syntax error, unexpected end-of-input, expecting `end'):
  
app/controllers/users_controller.rb:4: syntax error, unexpected `end'
app/controllers/users_controller.rb:8: syntax error, unexpected end-of-input, expecting `end'
app/controllers/users_controller.rb:4: syntax error, unexpected `end'
app/controllers/users_controller.rb:8: syntax error, unexpected end-of-input, expecting `end'
app/controllers/users_controller.rb:4: syntax error, unexpected `end'
app/controllers/users_controller.rb:8: syntax error, unexpected end-of-input, expecting `end'
Started GET "/users/index" for ::1 at 2020-08-08 21:41:49 +0700
  [1m[35m (0.3ms)[0m  [1m[34mSELECT sqlite_version(*)[0m
  [1m[35m (0.3ms)[0m  [1m[34mSELECT "schema_migrations"."version" FROM "schema_migrations" ORDER BY "schema_migrations"."version" ASC[0m
Processing by UsersController#index as HTML
  Rendering users/index.html.erb within layouts/application
  Rendered users/index.html.erb within layouts/application (Duration: 0.9ms | Allocations: 188)
[Webpacker] Compiling...
[Webpacker] Compiled all packs in /home/kenzo/Desktop/Final/Fotobook/rails_app/public/packs
[Webpacker] Hash: 15d1bb7b54cf6326b9ba
Version: webpack 4.44.1
Time: 5584ms
Built at: 2020-08-08 21:42:00
                                     Asset       Size       Chunks                         Chunk Names
    js/application-9afcbb5693aa87623e69.js    124 KiB  application  [emitted] [immutable]  application
js/application-9afcbb5693aa87623e69.js.map    139 KiB  application  [emitted] [dev]        application
                             manifest.json  364 bytes               [emitted]              
Entrypoint application = js/application-9afcbb5693aa87623e69.js js/application-9afcbb5693aa87623e69.js.map
[./app/javascript/channels sync recursive _channel\.js$] ./app/javascript/channels sync _channel\.js$ 160 bytes {application} [built]
[./app/javascript/channels/index.js] 211 bytes {application} [built]
[./app/javascript/packs/application.js] 749 bytes {application} [built]
[./node_modules/webpack/buildin/module.js] (webpack)/buildin/module.js 552 bytes {application} [built]
    + 3 hidden modules

Completed 200 OK in 11040ms (Views: 11035.2ms | ActiveRecord: 0.0ms | Allocations: 19112)


Started GET "/users/" for ::1 at 2020-08-08 21:43:55 +0700
  [1m[35m (0.1ms)[0m  [1m[34mSELECT sqlite_version(*)[0m
Processing by UsersController#index as HTML
  Rendering users/index.html.erb within layouts/application
  Rendered users/index.html.erb within layouts/application (Duration: 0.1ms | Allocations: 5)
[Webpacker] Everything's up-to-date. Nothing to do
Completed 200 OK in 6ms (Views: 4.6ms | ActiveRecord: 0.0ms | Allocations: 3452)


Started GET "/users/" for ::1 at 2020-08-08 21:44:12 +0700
  [1m[35m (0.1ms)[0m  [1m[34mSELECT sqlite_version(*)[0m
Processing by UsersController#index as HTML
  Rendering users/index.html.erb within layouts/application
  Rendered users/index.html.erb within layouts/application (Duration: 0.1ms | Allocations: 5)
[Webpacker] Everything's up-to-date. Nothing to do
Completed 200 OK in 8ms (Views: 6.8ms | ActiveRecord: 0.0ms | Allocations: 3490)


Started GET "/users/1" for ::1 at 2020-08-08 21:44:51 +0700
  [1m[35m (0.1ms)[0m  [1m[34mSELECT sqlite_version(*)[0m
Processing by UsersController#show as HTML
  Parameters: {"id"=>"1"}
  Rendering users/show.html.erb within layouts/application
  Rendered users/show.html.erb within layouts/application (Duration: 0.3ms | Allocations: 79)
[Webpacker] Everything's up-to-date. Nothing to do
Completed 200 OK in 7ms (Views: 5.5ms | ActiveRecord: 0.0ms | Allocations: 3640)


Started GET "/users/" for ::1 at 2020-08-08 21:54:17 +0700
  [1m[35m (0.1ms)[0m  [1m[34mSELECT sqlite_version(*)[0m
Processing by UsersController#index as HTML
  Rendering users/index.html.erb within layouts/application
  [1m[36mUser Load (17.9ms)[0m  [1m[34mSELECT "users".* FROM "users" ORDER BY "users"."firstname" ASC[0m
  ↳ app/views/users/index.html.erb:2
  Rendered users/index.html.erb within layouts/application (Duration: 35.8ms | Allocations: 5503)
[Webpacker] Everything's up-to-date. Nothing to do
Completed 200 OK in 218ms (Views: 25.8ms | ActiveRecord: 20.0ms | Allocations: 14513)


Started GET "/users/" for ::1 at 2020-08-08 21:54:45 +0700
Processing by UsersController#index as HTML
  Rendering users/index.html.erb within layouts/application
  [1m[36mUser Load (0.6ms)[0m  [1m[34mSELECT "users".* FROM "users" ORDER BY "users"."firstname" ASC[0m
  ↳ app/views/users/index.html.erb:2
  Rendered users/index.html.erb within layouts/application (Duration: 10.3ms | Allocations: 1174)
[Webpacker] Everything's up-to-date. Nothing to do
Completed 200 OK in 44ms (Views: 39.2ms | ActiveRecord: 0.6ms | Allocations: 5418)


  [1m[35m (0.3ms)[0m  [1m[34mSELECT sqlite_version(*)[0m
  [1m[35m (0.1ms)[0m  [1m[34mSELECT "schema_migrations"."version" FROM "schema_migrations" ORDER BY "schema_migrations"."version" ASC[0m
  [1m[35m (0.1ms)[0m  [1m[34mSELECT sqlite_version(*)[0m
  [1m[35m (0.1ms)[0m  [1m[36mbegin transaction[0m
  [1m[36mUser Exists? (0.2ms)[0m  [1m[34mSELECT 1 AS one FROM "users" WHERE "users"."email" = ? LIMIT ?[0m  [["email", "thanh@gmail.com"], ["LIMIT", 1]]
  [1m[36mUser Create (0.7ms)[0m  [1m[32mINSERT INTO "users" ("firstname", "lastname", "email", "password", "created_at", "updated_at", "confirpassword") VALUES (?, ?, ?, ?, ?, ?, ?)[0m  [["firstname", "Thanh"], ["lastname", "Vo"], ["email", "thanh@gmail.com"], ["password", "123"], ["created_at", "2020-08-08 14:58:37.522936"], ["updated_at", "2020-08-08 14:58:37.522936"], ["confirpassword", "123"]]
  [1m[35m (89.9ms)[0m  [1m[36mcommit transaction[0m
  [1m[35m (0.2ms)[0m  [1m[36mbegin transaction[0m
  [1m[36mUser Exists? (0.4ms)[0m  [1m[34mSELECT 1 AS one FROM "users" WHERE "users"."email" = ? LIMIT ?[0m  [["email", "nhat@gmail.com"], ["LIMIT", 1]]
  [1m[36mUser Create (0.5ms)[0m  [1m[32mINSERT INTO "users" ("firstname", "lastname", "email", "password", "created_at", "updated_at", "confirpassword") VALUES (?, ?, ?, ?, ?, ?, ?)[0m  [["firstname", "Nhat"], ["lastname", "Nguyen"], ["email", "nhat@gmail.com"], ["password", "123"], ["created_at", "2020-08-08 14:58:37.652066"], ["updated_at", "2020-08-08 14:58:37.652066"], ["confirpassword", "123"]]
  [1m[35m (69.0ms)[0m  [1m[36mcommit transaction[0m
  [1m[35m (2.8ms)[0m  [1m[36mbegin transaction[0m
  [1m[36mUser Exists? (0.4ms)[0m  [1m[34mSELECT 1 AS one FROM "users" WHERE "users"."email" = ? LIMIT ?[0m  [["email", "tai@gmail.com"], ["LIMIT", 1]]
  [1m[36mUser Create (0.6ms)[0m  [1m[32mINSERT INTO "users" ("firstname", "lastname", "email", "password", "created_at", "updated_at", "confirpassword") VALUES (?, ?, ?, ?, ?, ?, ?)[0m  [["firstname", "Tai"], ["lastname", "TRan"], ["email", "tai@gmail.com"], ["password", "123"], ["created_at", "2020-08-08 14:58:37.756548"], ["updated_at", "2020-08-08 14:58:37.756548"], ["confirpassword", "123"]]
  [1m[35m (96.8ms)[0m  [1m[36mcommit transaction[0m
  [1m[35m (0.2ms)[0m  [1m[36mbegin transaction[0m
  [1m[36mUser Exists? (0.4ms)[0m  [1m[34mSELECT 1 AS one FROM "users" WHERE "users"."email" = ? LIMIT ?[0m  [["email", "hai@gmail.com"], ["LIMIT", 1]]
  [1m[36mUser Create (0.6ms)[0m  [1m[32mINSERT INTO "users" ("firstname", "lastname", "email", "password", "created_at", "updated_at", "confirpassword") VALUES (?, ?, ?, ?, ?, ?, ?)[0m  [["firstname", "Hai"], ["lastname", "Dang"], ["email", "hai@gmail.com"], ["password", "123"], ["created_at", "2020-08-08 14:58:37.892939"], ["updated_at", "2020-08-08 14:58:37.892939"], ["confirpassword", "123"]]
  [1m[35m (66.6ms)[0m  [1m[36mcommit transaction[0m
  [1m[35m (0.4ms)[0m  [1m[34mSELECT sqlite_version(*)[0m
  [1m[35m (0.1ms)[0m  [1m[34mSELECT COUNT(*) FROM "users"[0m
  [1m[36mUser Load (0.8ms)[0m  [1m[34mSELECT "users".* FROM "users" LIMIT ?[0m  [["LIMIT", 11]]
  [1m[36mUser Load (0.6ms)[0m  [1m[34mSELECT "users".* FROM "users" LIMIT ?[0m  [["LIMIT", 11]]
